VCD info: dumpfile ./vcd/rnd_clk_gen.vcd opened for output.
IDX[  0] - LFSR3: 001(1), LFSR8: 00000001(  1)
IDX[  1] - LFSR3: 011(3), LFSR8: 00000010(  2)
IDX[  2] - LFSR3: 111(7), LFSR8: 00000101(  5)
IDX[  3] - LFSR3: 110(6), LFSR8: 00001011( 11)
IDX[  4] - LFSR3: 101(5), LFSR8: 00010110( 22)
IDX[  5] - LFSR3: 010(2), LFSR8: 00101100( 44)
IDX[  6] - LFSR3: 100(4), LFSR8: 01011000( 88)
IDX[  7] - LFSR3: 001(1), LFSR8: 10110001(177)
IDX[  8] - LFSR3: 011(3), LFSR8: 01100011( 99)
IDX[  9] - LFSR3: 111(7), LFSR8: 11000111(199)
IDX[ 10] - LFSR3: 110(6), LFSR8: 10001111(143)
IDX[ 11] - LFSR3: 101(5), LFSR8: 00011110( 30)
IDX[ 12] - LFSR3: 010(2), LFSR8: 00111101( 61)
IDX[ 13] - LFSR3: 100(4), LFSR8: 01111010(122)
IDX[ 14] - LFSR3: 001(1), LFSR8: 11110100(244)
IDX[ 15] - LFSR3: 011(3), LFSR8: 11101000(232)
IDX[ 16] - LFSR3: 111(7), LFSR8: 11010000(208)
IDX[ 17] - LFSR3: 110(6), LFSR8: 10100001(161)
IDX[ 18] - LFSR3: 101(5), LFSR8: 01000011( 67)
IDX[ 19] - LFSR3: 010(2), LFSR8: 10000111(135)
IDX[ 20] - LFSR3: 100(4), LFSR8: 00001111( 15)
IDX[ 21] - LFSR3: 001(1), LFSR8: 00011111( 31)
IDX[ 22] - LFSR3: 011(3), LFSR8: 00111111( 63)
IDX[ 23] - LFSR3: 111(7), LFSR8: 01111111(127)
IDX[ 24] - LFSR3: 110(6), LFSR8: 11111111(255)
IDX[ 25] - LFSR3: 101(5), LFSR8: 11111110(254)
IDX[ 26] - LFSR3: 010(2), LFSR8: 11111100(252)
IDX[ 27] - LFSR3: 100(4), LFSR8: 11111001(249)
IDX[ 28] - LFSR3: 001(1), LFSR8: 11110010(242)
IDX[ 29] - LFSR3: 011(3), LFSR8: 11100100(228)
IDX[ 30] - LFSR3: 111(7), LFSR8: 11001000(200)
IDX[ 31] - LFSR3: 110(6), LFSR8: 10010000(144)
IDX[ 32] - LFSR3: 101(5), LFSR8: 00100001( 33)
IDX[ 33] - LFSR3: 010(2), LFSR8: 01000010( 66)
IDX[ 34] - LFSR3: 100(4), LFSR8: 10000101(133)
IDX[ 35] - LFSR3: 001(1), LFSR8: 00001010( 10)
IDX[ 36] - LFSR3: 011(3), LFSR8: 00010100( 20)
IDX[ 37] - LFSR3: 111(7), LFSR8: 00101001( 41)
IDX[ 38] - LFSR3: 110(6), LFSR8: 01010011( 83)
IDX[ 39] - LFSR3: 101(5), LFSR8: 10100111(167)
IDX[ 40] - LFSR3: 010(2), LFSR8: 01001111( 79)
IDX[ 41] - LFSR3: 100(4), LFSR8: 10011111(159)
IDX[ 42] - LFSR3: 001(1), LFSR8: 00111110( 62)
IDX[ 43] - LFSR3: 011(3), LFSR8: 01111101(125)
IDX[ 44] - LFSR3: 111(7), LFSR8: 11111010(250)
IDX[ 45] - LFSR3: 110(6), LFSR8: 11110101(245)
IDX[ 46] - LFSR3: 101(5), LFSR8: 11101010(234)
IDX[ 47] - LFSR3: 010(2), LFSR8: 11010101(213)
IDX[ 48] - LFSR3: 100(4), LFSR8: 10101010(170)
IDX[ 49] - LFSR3: 001(1), LFSR8: 01010101( 85)
IDX[ 50] - LFSR3: 011(3), LFSR8: 10101011(171)
IDX[ 51] - LFSR3: 111(7), LFSR8: 01010111( 87)
IDX[ 52] - LFSR3: 110(6), LFSR8: 10101110(174)
IDX[ 53] - LFSR3: 101(5), LFSR8: 01011100( 92)
IDX[ 54] - LFSR3: 010(2), LFSR8: 10111000(184)
IDX[ 55] - LFSR3: 100(4), LFSR8: 01110000(112)
IDX[ 56] - LFSR3: 001(1), LFSR8: 11100000(224)
IDX[ 57] - LFSR3: 011(3), LFSR8: 11000001(193)
IDX[ 58] - LFSR3: 111(7), LFSR8: 10000011(131)
IDX[ 59] - LFSR3: 110(6), LFSR8: 00000110(  6)
IDX[ 60] - LFSR3: 101(5), LFSR8: 00001100( 12)
IDX[ 61] - LFSR3: 010(2), LFSR8: 00011000( 24)
IDX[ 62] - LFSR3: 100(4), LFSR8: 00110001( 49)
IDX[ 63] - LFSR3: 001(1), LFSR8: 01100010( 98)
IDX[ 64] - LFSR3: 011(3), LFSR8: 11000101(197)
IDX[ 65] - LFSR3: 111(7), LFSR8: 10001010(138)
IDX[ 66] - LFSR3: 110(6), LFSR8: 00010101( 21)
IDX[ 67] - LFSR3: 101(5), LFSR8: 00101011( 43)
IDX[ 68] - LFSR3: 010(2), LFSR8: 01010110( 86)
IDX[ 69] - LFSR3: 100(4), LFSR8: 10101100(172)
IDX[ 70] - LFSR3: 001(1), LFSR8: 01011001( 89)
IDX[ 71] - LFSR3: 011(3), LFSR8: 10110011(179)
IDX[ 72] - LFSR3: 111(7), LFSR8: 01100110(102)
IDX[ 73] - LFSR3: 110(6), LFSR8: 11001100(204)
IDX[ 74] - LFSR3: 101(5), LFSR8: 10011001(153)
IDX[ 75] - LFSR3: 010(2), LFSR8: 00110010( 50)
IDX[ 76] - LFSR3: 100(4), LFSR8: 01100101(101)
IDX[ 77] - LFSR3: 001(1), LFSR8: 11001011(203)
IDX[ 78] - LFSR3: 011(3), LFSR8: 10010111(151)
IDX[ 79] - LFSR3: 111(7), LFSR8: 00101111( 47)
IDX[ 80] - LFSR3: 110(6), LFSR8: 01011111( 95)
IDX[ 81] - LFSR3: 101(5), LFSR8: 10111111(191)
IDX[ 82] - LFSR3: 010(2), LFSR8: 01111110(126)
IDX[ 83] - LFSR3: 100(4), LFSR8: 11111101(253)
IDX[ 84] - LFSR3: 001(1), LFSR8: 11111011(251)
IDX[ 85] - LFSR3: 011(3), LFSR8: 11110111(247)
IDX[ 86] - LFSR3: 111(7), LFSR8: 11101111(239)
IDX[ 87] - LFSR3: 110(6), LFSR8: 11011110(222)
IDX[ 88] - LFSR3: 101(5), LFSR8: 10111100(188)
IDX[ 89] - LFSR3: 010(2), LFSR8: 01111001(121)
IDX[ 90] - LFSR3: 100(4), LFSR8: 11110011(243)
IDX[ 91] - LFSR3: 001(1), LFSR8: 11100110(230)
IDX[ 92] - LFSR3: 011(3), LFSR8: 11001101(205)
IDX[ 93] - LFSR3: 111(7), LFSR8: 10011011(155)
IDX[ 94] - LFSR3: 110(6), LFSR8: 00110111( 55)
IDX[ 95] - LFSR3: 101(5), LFSR8: 01101110(110)
IDX[ 96] - LFSR3: 010(2), LFSR8: 11011101(221)
IDX[ 97] - LFSR3: 100(4), LFSR8: 10111011(187)
IDX[ 98] - LFSR3: 001(1), LFSR8: 01110111(119)
IDX[ 99] - LFSR3: 011(3), LFSR8: 11101110(238)
IDX[100] - LFSR3: 111(7), LFSR8: 11011100(220)
IDX[101] - LFSR3: 110(6), LFSR8: 10111001(185)
IDX[102] - LFSR3: 101(5), LFSR8: 01110010(114)
IDX[103] - LFSR3: 010(2), LFSR8: 11100101(229)
IDX[104] - LFSR3: 100(4), LFSR8: 11001010(202)
IDX[105] - LFSR3: 001(1), LFSR8: 10010101(149)
IDX[106] - LFSR3: 011(3), LFSR8: 00101010( 42)
IDX[107] - LFSR3: 111(7), LFSR8: 01010100( 84)
IDX[108] - LFSR3: 110(6), LFSR8: 10101001(169)
IDX[109] - LFSR3: 101(5), LFSR8: 01010010( 82)
IDX[110] - LFSR3: 010(2), LFSR8: 10100101(165)
IDX[111] - LFSR3: 100(4), LFSR8: 01001010( 74)
IDX[112] - LFSR3: 001(1), LFSR8: 10010100(148)
IDX[113] - LFSR3: 011(3), LFSR8: 00101000( 40)
IDX[114] - LFSR3: 111(7), LFSR8: 01010001( 81)
IDX[115] - LFSR3: 110(6), LFSR8: 10100010(162)
IDX[116] - LFSR3: 101(5), LFSR8: 01000100( 68)
IDX[117] - LFSR3: 010(2), LFSR8: 10001001(137)
IDX[118] - LFSR3: 100(4), LFSR8: 00010010( 18)
IDX[119] - LFSR3: 001(1), LFSR8: 00100101( 37)
IDX[120] - LFSR3: 011(3), LFSR8: 01001011( 75)
IDX[121] - LFSR3: 111(7), LFSR8: 10010110(150)
IDX[122] - LFSR3: 110(6), LFSR8: 00101101( 45)
IDX[123] - LFSR3: 101(5), LFSR8: 01011010( 90)
IDX[124] - LFSR3: 010(2), LFSR8: 10110100(180)
IDX[125] - LFSR3: 100(4), LFSR8: 01101000(104)
IDX[126] - LFSR3: 001(1), LFSR8: 11010001(209)
IDX[127] - LFSR3: 011(3), LFSR8: 10100011(163)
IDX[128] - LFSR3: 111(7), LFSR8: 01000110( 70)
IDX[129] - LFSR3: 110(6), LFSR8: 10001100(140)
IDX[130] - LFSR3: 101(5), LFSR8: 00011001( 25)
IDX[131] - LFSR3: 010(2), LFSR8: 00110011( 51)
IDX[132] - LFSR3: 100(4), LFSR8: 01100111(103)
IDX[133] - LFSR3: 001(1), LFSR8: 11001110(206)
IDX[134] - LFSR3: 011(3), LFSR8: 10011100(156)
IDX[135] - LFSR3: 111(7), LFSR8: 00111001( 57)
IDX[136] - LFSR3: 110(6), LFSR8: 01110011(115)
IDX[137] - LFSR3: 101(5), LFSR8: 11100111(231)
IDX[138] - LFSR3: 010(2), LFSR8: 11001111(207)
IDX[139] - LFSR3: 100(4), LFSR8: 10011110(158)
IDX[140] - LFSR3: 001(1), LFSR8: 00111100( 60)
IDX[141] - LFSR3: 011(3), LFSR8: 01111000(120)
IDX[142] - LFSR3: 111(7), LFSR8: 11110001(241)
IDX[143] - LFSR3: 110(6), LFSR8: 11100011(227)
IDX[144] - LFSR3: 101(5), LFSR8: 11000110(198)
IDX[145] - LFSR3: 010(2), LFSR8: 10001101(141)
IDX[146] - LFSR3: 100(4), LFSR8: 00011011( 27)
IDX[147] - LFSR3: 001(1), LFSR8: 00110110( 54)
IDX[148] - LFSR3: 011(3), LFSR8: 01101100(108)
IDX[149] - LFSR3: 111(7), LFSR8: 11011000(216)
IDX[150] - LFSR3: 110(6), LFSR8: 10110000(176)
IDX[151] - LFSR3: 101(5), LFSR8: 01100001( 97)
IDX[152] - LFSR3: 010(2), LFSR8: 11000010(194)
IDX[153] - LFSR3: 100(4), LFSR8: 10000100(132)
IDX[154] - LFSR3: 001(1), LFSR8: 00001000(  8)
IDX[155] - LFSR3: 011(3), LFSR8: 00010001( 17)
IDX[156] - LFSR3: 111(7), LFSR8: 00100010( 34)
IDX[157] - LFSR3: 110(6), LFSR8: 01000101( 69)
IDX[158] - LFSR3: 101(5), LFSR8: 10001011(139)
IDX[159] - LFSR3: 010(2), LFSR8: 00010111( 23)
IDX[160] - LFSR3: 100(4), LFSR8: 00101110( 46)
IDX[161] - LFSR3: 001(1), LFSR8: 01011101( 93)
IDX[162] - LFSR3: 011(3), LFSR8: 10111010(186)
IDX[163] - LFSR3: 111(7), LFSR8: 01110101(117)
IDX[164] - LFSR3: 110(6), LFSR8: 11101011(235)
IDX[165] - LFSR3: 101(5), LFSR8: 11010111(215)
IDX[166] - LFSR3: 010(2), LFSR8: 10101111(175)
IDX[167] - LFSR3: 100(4), LFSR8: 01011110( 94)
IDX[168] - LFSR3: 001(1), LFSR8: 10111101(189)
IDX[169] - LFSR3: 011(3), LFSR8: 01111011(123)
IDX[170] - LFSR3: 111(7), LFSR8: 11110110(246)
IDX[171] - LFSR3: 110(6), LFSR8: 11101101(237)
IDX[172] - LFSR3: 101(5), LFSR8: 11011011(219)
IDX[173] - LFSR3: 010(2), LFSR8: 10110111(183)
IDX[174] - LFSR3: 100(4), LFSR8: 01101111(111)
IDX[175] - LFSR3: 001(1), LFSR8: 11011111(223)
IDX[176] - LFSR3: 011(3), LFSR8: 10111110(190)
IDX[177] - LFSR3: 111(7), LFSR8: 01111100(124)
IDX[178] - LFSR3: 110(6), LFSR8: 11111000(248)
IDX[179] - LFSR3: 101(5), LFSR8: 11110000(240)
IDX[180] - LFSR3: 010(2), LFSR8: 11100001(225)
IDX[181] - LFSR3: 100(4), LFSR8: 11000011(195)
IDX[182] - LFSR3: 001(1), LFSR8: 10000110(134)
IDX[183] - LFSR3: 011(3), LFSR8: 00001101( 13)
IDX[184] - LFSR3: 111(7), LFSR8: 00011010( 26)
IDX[185] - LFSR3: 110(6), LFSR8: 00110100( 52)
IDX[186] - LFSR3: 101(5), LFSR8: 01101001(105)
IDX[187] - LFSR3: 010(2), LFSR8: 11010011(211)
IDX[188] - LFSR3: 100(4), LFSR8: 10100110(166)
IDX[189] - LFSR3: 001(1), LFSR8: 01001101( 77)
IDX[190] - LFSR3: 011(3), LFSR8: 10011010(154)
IDX[191] - LFSR3: 111(7), LFSR8: 00110101( 53)
IDX[192] - LFSR3: 110(6), LFSR8: 01101011(107)
IDX[193] - LFSR3: 101(5), LFSR8: 11010110(214)
IDX[194] - LFSR3: 010(2), LFSR8: 10101101(173)
IDX[195] - LFSR3: 100(4), LFSR8: 01011011( 91)
IDX[196] - LFSR3: 001(1), LFSR8: 10110110(182)
IDX[197] - LFSR3: 011(3), LFSR8: 01101101(109)
IDX[198] - LFSR3: 111(7), LFSR8: 11011010(218)
IDX[199] - LFSR3: 110(6), LFSR8: 10110101(181)
IDX[200] - LFSR3: 101(5), LFSR8: 01101010(106)
IDX[201] - LFSR3: 010(2), LFSR8: 11010100(212)
IDX[202] - LFSR3: 100(4), LFSR8: 10101000(168)
IDX[203] - LFSR3: 001(1), LFSR8: 01010000( 80)
IDX[204] - LFSR3: 011(3), LFSR8: 10100000(160)
IDX[205] - LFSR3: 111(7), LFSR8: 01000001( 65)
IDX[206] - LFSR3: 110(6), LFSR8: 10000010(130)
IDX[207] - LFSR3: 101(5), LFSR8: 00000100(  4)
IDX[208] - LFSR3: 010(2), LFSR8: 00001001(  9)
IDX[209] - LFSR3: 100(4), LFSR8: 00010011( 19)
IDX[210] - LFSR3: 001(1), LFSR8: 00100111( 39)
IDX[211] - LFSR3: 011(3), LFSR8: 01001110( 78)
IDX[212] - LFSR3: 111(7), LFSR8: 10011101(157)
IDX[213] - LFSR3: 110(6), LFSR8: 00111011( 59)
IDX[214] - LFSR3: 101(5), LFSR8: 01110110(118)
IDX[215] - LFSR3: 010(2), LFSR8: 11101100(236)
IDX[216] - LFSR3: 100(4), LFSR8: 11011001(217)
IDX[217] - LFSR3: 001(1), LFSR8: 10110010(178)
IDX[218] - LFSR3: 011(3), LFSR8: 01100100(100)
IDX[219] - LFSR3: 111(7), LFSR8: 11001001(201)
IDX[220] - LFSR3: 110(6), LFSR8: 10010010(146)
IDX[221] - LFSR3: 101(5), LFSR8: 00100100( 36)
IDX[222] - LFSR3: 010(2), LFSR8: 01001001( 73)
IDX[223] - LFSR3: 100(4), LFSR8: 10010011(147)
IDX[224] - LFSR3: 001(1), LFSR8: 00100110( 38)
IDX[225] - LFSR3: 011(3), LFSR8: 01001100( 76)
IDX[226] - LFSR3: 111(7), LFSR8: 10011000(152)
IDX[227] - LFSR3: 110(6), LFSR8: 00110000( 48)
IDX[228] - LFSR3: 101(5), LFSR8: 01100000( 96)
IDX[229] - LFSR3: 010(2), LFSR8: 11000000(192)
IDX[230] - LFSR3: 100(4), LFSR8: 10000001(129)
IDX[231] - LFSR3: 001(1), LFSR8: 00000011(  3)
IDX[232] - LFSR3: 011(3), LFSR8: 00000111(  7)
IDX[233] - LFSR3: 111(7), LFSR8: 00001110( 14)
IDX[234] - LFSR3: 110(6), LFSR8: 00011101( 29)
IDX[235] - LFSR3: 101(5), LFSR8: 00111010( 58)
IDX[236] - LFSR3: 010(2), LFSR8: 01110100(116)
IDX[237] - LFSR3: 100(4), LFSR8: 11101001(233)
IDX[238] - LFSR3: 001(1), LFSR8: 11010010(210)
IDX[239] - LFSR3: 011(3), LFSR8: 10100100(164)
IDX[240] - LFSR3: 111(7), LFSR8: 01001000( 72)
IDX[241] - LFSR3: 110(6), LFSR8: 10010001(145)
IDX[242] - LFSR3: 101(5), LFSR8: 00100011( 35)
IDX[243] - LFSR3: 010(2), LFSR8: 01000111( 71)
IDX[244] - LFSR3: 100(4), LFSR8: 10001110(142)
IDX[245] - LFSR3: 001(1), LFSR8: 00011100( 28)
IDX[246] - LFSR3: 011(3), LFSR8: 00111000( 56)
IDX[247] - LFSR3: 111(7), LFSR8: 01110001(113)
IDX[248] - LFSR3: 110(6), LFSR8: 11100010(226)
IDX[249] - LFSR3: 101(5), LFSR8: 11000100(196)
IDX[250] - LFSR3: 010(2), LFSR8: 10001000(136)
IDX[251] - LFSR3: 100(4), LFSR8: 00010000( 16)
IDX[252] - LFSR3: 001(1), LFSR8: 00100000( 32)
IDX[253] - LFSR3: 011(3), LFSR8: 01000000( 64)
IDX[254] - LFSR3: 111(7), LFSR8: 10000000(128)
IDX[255] - LFSR3: 110(6), LFSR8: 00000001(  1)
IDX[256] - LFSR3: 101(5), LFSR8: 00000010(  2)
IDX[257] - LFSR3: 010(2), LFSR8: 00000101(  5)
IDX[258] - LFSR3: 100(4), LFSR8: 00001011( 11)
IDX[259] - LFSR3: 001(1), LFSR8: 00010110( 22)
IDX[260] - LFSR3: 011(3), LFSR8: 00101100( 44)
IDX[261] - LFSR3: 111(7), LFSR8: 01011000( 88)
IDX[262] - LFSR3: 110(6), LFSR8: 10110001(177)
IDX[263] - LFSR3: 101(5), LFSR8: 01100011( 99)
IDX[264] - LFSR3: 010(2), LFSR8: 11000111(199)
IDX[265] - LFSR3: 100(4), LFSR8: 10001111(143)
IDX[266] - LFSR3: 001(1), LFSR8: 00011110( 30)
IDX[267] - LFSR3: 011(3), LFSR8: 00111101( 61)
IDX[268] - LFSR3: 111(7), LFSR8: 01111010(122)
IDX[269] - LFSR3: 110(6), LFSR8: 11110100(244)
IDX[270] - LFSR3: 101(5), LFSR8: 11101000(232)
IDX[271] - LFSR3: 010(2), LFSR8: 11010000(208)
IDX[272] - LFSR3: 100(4), LFSR8: 10100001(161)
IDX[273] - LFSR3: 001(1), LFSR8: 01000011( 67)
IDX[274] - LFSR3: 011(3), LFSR8: 10000111(135)
IDX[275] - LFSR3: 111(7), LFSR8: 00001111( 15)
IDX[276] - LFSR3: 110(6), LFSR8: 00011111( 31)
IDX[277] - LFSR3: 101(5), LFSR8: 00111111( 63)
IDX[278] - LFSR3: 010(2), LFSR8: 01111111(127)
IDX[279] - LFSR3: 100(4), LFSR8: 11111111(255)
IDX[280] - LFSR3: 001(1), LFSR8: 11111110(254)
IDX[281] - LFSR3: 011(3), LFSR8: 11111100(252)
IDX[282] - LFSR3: 111(7), LFSR8: 11111001(249)
IDX[283] - LFSR3: 110(6), LFSR8: 11110010(242)
IDX[284] - LFSR3: 101(5), LFSR8: 11100100(228)
IDX[285] - LFSR3: 010(2), LFSR8: 11001000(200)
IDX[286] - LFSR3: 100(4), LFSR8: 10010000(144)
IDX[287] - LFSR3: 001(1), LFSR8: 00100001( 33)
IDX[288] - LFSR3: 011(3), LFSR8: 01000010( 66)
IDX[289] - LFSR3: 111(7), LFSR8: 10000101(133)
IDX[290] - LFSR3: 110(6), LFSR8: 00001010( 10)
IDX[291] - LFSR3: 101(5), LFSR8: 00010100( 20)
IDX[292] - LFSR3: 010(2), LFSR8: 00101001( 41)
IDX[293] - LFSR3: 100(4), LFSR8: 01010011( 83)
IDX[294] - LFSR3: 001(1), LFSR8: 10100111(167)
IDX[295] - LFSR3: 011(3), LFSR8: 01001111( 79)
IDX[296] - LFSR3: 111(7), LFSR8: 10011111(159)
IDX[297] - LFSR3: 110(6), LFSR8: 00111110( 62)
IDX[298] - LFSR3: 101(5), LFSR8: 01111101(125)
IDX[299] - LFSR3: 010(2), LFSR8: 11111010(250)
IDX[300] - LFSR3: 100(4), LFSR8: 11110101(245)
IDX[301] - LFSR3: 001(1), LFSR8: 11101010(234)
IDX[302] - LFSR3: 011(3), LFSR8: 11010101(213)
IDX[303] - LFSR3: 111(7), LFSR8: 10101010(170)
IDX[304] - LFSR3: 110(6), LFSR8: 01010101( 85)
IDX[305] - LFSR3: 101(5), LFSR8: 10101011(171)
IDX[306] - LFSR3: 010(2), LFSR8: 01010111( 87)
IDX[307] - LFSR3: 100(4), LFSR8: 10101110(174)
IDX[308] - LFSR3: 001(1), LFSR8: 01011100( 92)
IDX[309] - LFSR3: 011(3), LFSR8: 10111000(184)
IDX[310] - LFSR3: 111(7), LFSR8: 01110000(112)
IDX[311] - LFSR3: 110(6), LFSR8: 11100000(224)
IDX[312] - LFSR3: 101(5), LFSR8: 11000001(193)
IDX[313] - LFSR3: 010(2), LFSR8: 10000011(131)
IDX[314] - LFSR3: 100(4), LFSR8: 00000110(  6)
IDX[315] - LFSR3: 001(1), LFSR8: 00001100( 12)
IDX[316] - LFSR3: 011(3), LFSR8: 00011000( 24)
IDX[317] - LFSR3: 111(7), LFSR8: 00110001( 49)
IDX[318] - LFSR3: 110(6), LFSR8: 01100010( 98)
IDX[319] - LFSR3: 101(5), LFSR8: 11000101(197)
IDX[320] - LFSR3: 010(2), LFSR8: 10001010(138)
IDX[321] - LFSR3: 100(4), LFSR8: 00010101( 21)
IDX[322] - LFSR3: 001(1), LFSR8: 00101011( 43)
IDX[323] - LFSR3: 011(3), LFSR8: 01010110( 86)
IDX[324] - LFSR3: 111(7), LFSR8: 10101100(172)
IDX[325] - LFSR3: 110(6), LFSR8: 01011001( 89)
IDX[326] - LFSR3: 101(5), LFSR8: 10110011(179)
IDX[327] - LFSR3: 010(2), LFSR8: 01100110(102)
IDX[328] - LFSR3: 100(4), LFSR8: 11001100(204)
IDX[329] - LFSR3: 001(1), LFSR8: 10011001(153)
IDX[330] - LFSR3: 011(3), LFSR8: 00110010( 50)
IDX[331] - LFSR3: 111(7), LFSR8: 01100101(101)
IDX[332] - LFSR3: 110(6), LFSR8: 11001011(203)
IDX[333] - LFSR3: 101(5), LFSR8: 10010111(151)
IDX[334] - LFSR3: 010(2), LFSR8: 00101111( 47)
IDX[335] - LFSR3: 100(4), LFSR8: 01011111( 95)
IDX[336] - LFSR3: 001(1), LFSR8: 10111111(191)
IDX[337] - LFSR3: 011(3), LFSR8: 01111110(126)
IDX[338] - LFSR3: 111(7), LFSR8: 11111101(253)
IDX[339] - LFSR3: 110(6), LFSR8: 11111011(251)
IDX[340] - LFSR3: 101(5), LFSR8: 11110111(247)
IDX[341] - LFSR3: 010(2), LFSR8: 11101111(239)
IDX[342] - LFSR3: 100(4), LFSR8: 11011110(222)
IDX[343] - LFSR3: 001(1), LFSR8: 10111100(188)
IDX[344] - LFSR3: 011(3), LFSR8: 01111001(121)
IDX[345] - LFSR3: 111(7), LFSR8: 11110011(243)
IDX[346] - LFSR3: 110(6), LFSR8: 11100110(230)
IDX[347] - LFSR3: 101(5), LFSR8: 11001101(205)
IDX[348] - LFSR3: 010(2), LFSR8: 10011011(155)
IDX[349] - LFSR3: 100(4), LFSR8: 00110111( 55)
IDX[350] - LFSR3: 001(1), LFSR8: 01101110(110)
IDX[351] - LFSR3: 011(3), LFSR8: 11011101(221)
IDX[352] - LFSR3: 111(7), LFSR8: 10111011(187)
IDX[353] - LFSR3: 110(6), LFSR8: 01110111(119)
IDX[354] - LFSR3: 101(5), LFSR8: 11101110(238)
IDX[355] - LFSR3: 010(2), LFSR8: 11011100(220)
IDX[356] - LFSR3: 100(4), LFSR8: 10111001(185)
IDX[357] - LFSR3: 001(1), LFSR8: 01110010(114)
IDX[358] - LFSR3: 011(3), LFSR8: 11100101(229)
IDX[359] - LFSR3: 111(7), LFSR8: 11001010(202)
IDX[360] - LFSR3: 110(6), LFSR8: 10010101(149)
IDX[361] - LFSR3: 101(5), LFSR8: 00101010( 42)
IDX[362] - LFSR3: 010(2), LFSR8: 01010100( 84)
IDX[363] - LFSR3: 100(4), LFSR8: 10101001(169)
IDX[364] - LFSR3: 001(1), LFSR8: 01010010( 82)
IDX[365] - LFSR3: 011(3), LFSR8: 10100101(165)
IDX[366] - LFSR3: 111(7), LFSR8: 01001010( 74)
IDX[367] - LFSR3: 110(6), LFSR8: 10010100(148)
IDX[368] - LFSR3: 101(5), LFSR8: 00101000( 40)
IDX[369] - LFSR3: 010(2), LFSR8: 01010001( 81)
IDX[370] - LFSR3: 100(4), LFSR8: 10100010(162)
IDX[371] - LFSR3: 001(1), LFSR8: 01000100( 68)
IDX[372] - LFSR3: 011(3), LFSR8: 10001001(137)
IDX[373] - LFSR3: 111(7), LFSR8: 00010010( 18)
IDX[374] - LFSR3: 110(6), LFSR8: 00100101( 37)
IDX[375] - LFSR3: 101(5), LFSR8: 01001011( 75)
IDX[376] - LFSR3: 010(2), LFSR8: 10010110(150)
IDX[377] - LFSR3: 100(4), LFSR8: 00101101( 45)
IDX[378] - LFSR3: 001(1), LFSR8: 01011010( 90)
IDX[379] - LFSR3: 011(3), LFSR8: 10110100(180)
IDX[380] - LFSR3: 111(7), LFSR8: 01101000(104)
IDX[381] - LFSR3: 110(6), LFSR8: 11010001(209)
IDX[382] - LFSR3: 101(5), LFSR8: 10100011(163)
IDX[383] - LFSR3: 010(2), LFSR8: 01000110( 70)
IDX[384] - LFSR3: 100(4), LFSR8: 10001100(140)
IDX[385] - LFSR3: 001(1), LFSR8: 00011001( 25)
IDX[386] - LFSR3: 011(3), LFSR8: 00110011( 51)
IDX[387] - LFSR3: 111(7), LFSR8: 01100111(103)
IDX[388] - LFSR3: 110(6), LFSR8: 11001110(206)
IDX[389] - LFSR3: 101(5), LFSR8: 10011100(156)
IDX[390] - LFSR3: 010(2), LFSR8: 00111001( 57)
IDX[391] - LFSR3: 100(4), LFSR8: 01110011(115)
IDX[392] - LFSR3: 001(1), LFSR8: 11100111(231)
IDX[393] - LFSR3: 011(3), LFSR8: 11001111(207)
IDX[394] - LFSR3: 111(7), LFSR8: 10011110(158)
IDX[395] - LFSR3: 110(6), LFSR8: 00111100( 60)
IDX[396] - LFSR3: 101(5), LFSR8: 01111000(120)
IDX[397] - LFSR3: 010(2), LFSR8: 11110001(241)
IDX[398] - LFSR3: 100(4), LFSR8: 11100011(227)
IDX[399] - LFSR3: 001(1), LFSR8: 11000110(198)
IDX[400] - LFSR3: 011(3), LFSR8: 10001101(141)
IDX[401] - LFSR3: 111(7), LFSR8: 00011011( 27)
IDX[402] - LFSR3: 110(6), LFSR8: 00110110( 54)
IDX[403] - LFSR3: 101(5), LFSR8: 01101100(108)
IDX[404] - LFSR3: 010(2), LFSR8: 11011000(216)
IDX[405] - LFSR3: 100(4), LFSR8: 10110000(176)
IDX[406] - LFSR3: 001(1), LFSR8: 01100001( 97)
IDX[407] - LFSR3: 011(3), LFSR8: 11000010(194)
IDX[408] - LFSR3: 111(7), LFSR8: 10000100(132)
IDX[409] - LFSR3: 110(6), LFSR8: 00001000(  8)
IDX[410] - LFSR3: 101(5), LFSR8: 00010001( 17)
IDX[411] - LFSR3: 010(2), LFSR8: 00100010( 34)
IDX[412] - LFSR3: 100(4), LFSR8: 01000101( 69)
IDX[413] - LFSR3: 001(1), LFSR8: 10001011(139)
IDX[414] - LFSR3: 011(3), LFSR8: 00010111( 23)
IDX[415] - LFSR3: 111(7), LFSR8: 00101110( 46)
IDX[416] - LFSR3: 110(6), LFSR8: 01011101( 93)
IDX[417] - LFSR3: 101(5), LFSR8: 10111010(186)
IDX[418] - LFSR3: 010(2), LFSR8: 01110101(117)
IDX[419] - LFSR3: 100(4), LFSR8: 11101011(235)
IDX[420] - LFSR3: 001(1), LFSR8: 11010111(215)
IDX[421] - LFSR3: 011(3), LFSR8: 10101111(175)
IDX[422] - LFSR3: 111(7), LFSR8: 01011110( 94)
IDX[423] - LFSR3: 110(6), LFSR8: 10111101(189)
IDX[424] - LFSR3: 101(5), LFSR8: 01111011(123)
IDX[425] - LFSR3: 010(2), LFSR8: 11110110(246)
IDX[426] - LFSR3: 100(4), LFSR8: 11101101(237)
IDX[427] - LFSR3: 001(1), LFSR8: 11011011(219)
IDX[428] - LFSR3: 011(3), LFSR8: 10110111(183)
IDX[429] - LFSR3: 111(7), LFSR8: 01101111(111)
IDX[430] - LFSR3: 110(6), LFSR8: 11011111(223)
IDX[431] - LFSR3: 101(5), LFSR8: 10111110(190)
IDX[432] - LFSR3: 010(2), LFSR8: 01111100(124)
IDX[433] - LFSR3: 100(4), LFSR8: 11111000(248)
IDX[434] - LFSR3: 001(1), LFSR8: 11110000(240)
IDX[435] - LFSR3: 011(3), LFSR8: 11100001(225)
IDX[436] - LFSR3: 111(7), LFSR8: 11000011(195)
IDX[437] - LFSR3: 110(6), LFSR8: 10000110(134)
IDX[438] - LFSR3: 101(5), LFSR8: 00001101( 13)
IDX[439] - LFSR3: 010(2), LFSR8: 00011010( 26)
IDX[440] - LFSR3: 100(4), LFSR8: 00110100( 52)
IDX[441] - LFSR3: 001(1), LFSR8: 01101001(105)
IDX[442] - LFSR3: 011(3), LFSR8: 11010011(211)
IDX[443] - LFSR3: 111(7), LFSR8: 10100110(166)
IDX[444] - LFSR3: 110(6), LFSR8: 01001101( 77)
IDX[445] - LFSR3: 101(5), LFSR8: 10011010(154)
IDX[446] - LFSR3: 010(2), LFSR8: 00110101( 53)
IDX[447] - LFSR3: 100(4), LFSR8: 01101011(107)
IDX[448] - LFSR3: 001(1), LFSR8: 11010110(214)
IDX[449] - LFSR3: 011(3), LFSR8: 10101101(173)
IDX[450] - LFSR3: 111(7), LFSR8: 01011011( 91)
IDX[451] - LFSR3: 110(6), LFSR8: 10110110(182)
IDX[452] - LFSR3: 101(5), LFSR8: 01101101(109)
IDX[453] - LFSR3: 010(2), LFSR8: 11011010(218)
IDX[454] - LFSR3: 100(4), LFSR8: 10110101(181)
IDX[455] - LFSR3: 001(1), LFSR8: 01101010(106)
IDX[456] - LFSR3: 011(3), LFSR8: 11010100(212)
IDX[457] - LFSR3: 111(7), LFSR8: 10101000(168)
IDX[458] - LFSR3: 110(6), LFSR8: 01010000( 80)
IDX[459] - LFSR3: 101(5), LFSR8: 10100000(160)
IDX[460] - LFSR3: 010(2), LFSR8: 01000001( 65)
IDX[461] - LFSR3: 100(4), LFSR8: 10000010(130)
IDX[462] - LFSR3: 001(1), LFSR8: 00000100(  4)
IDX[463] - LFSR3: 011(3), LFSR8: 00001001(  9)
IDX[464] - LFSR3: 111(7), LFSR8: 00010011( 19)
IDX[465] - LFSR3: 110(6), LFSR8: 00100111( 39)
IDX[466] - LFSR3: 101(5), LFSR8: 01001110( 78)
IDX[467] - LFSR3: 010(2), LFSR8: 10011101(157)
IDX[468] - LFSR3: 100(4), LFSR8: 00111011( 59)
IDX[469] - LFSR3: 001(1), LFSR8: 01110110(118)
IDX[470] - LFSR3: 011(3), LFSR8: 11101100(236)
IDX[471] - LFSR3: 111(7), LFSR8: 11011001(217)
IDX[472] - LFSR3: 110(6), LFSR8: 10110010(178)
IDX[473] - LFSR3: 101(5), LFSR8: 01100100(100)
IDX[474] - LFSR3: 010(2), LFSR8: 11001001(201)
IDX[475] - LFSR3: 100(4), LFSR8: 10010010(146)
IDX[476] - LFSR3: 001(1), LFSR8: 00100100( 36)
IDX[477] - LFSR3: 011(3), LFSR8: 01001001( 73)
IDX[478] - LFSR3: 111(7), LFSR8: 10010011(147)
IDX[479] - LFSR3: 110(6), LFSR8: 00100110( 38)
IDX[480] - LFSR3: 101(5), LFSR8: 01001100( 76)
IDX[481] - LFSR3: 010(2), LFSR8: 10011000(152)
IDX[482] - LFSR3: 100(4), LFSR8: 00110000( 48)
IDX[483] - LFSR3: 001(1), LFSR8: 01100000( 96)
IDX[484] - LFSR3: 011(3), LFSR8: 11000000(192)
IDX[485] - LFSR3: 111(7), LFSR8: 10000001(129)
IDX[486] - LFSR3: 110(6), LFSR8: 00000011(  3)
IDX[487] - LFSR3: 101(5), LFSR8: 00000111(  7)
IDX[488] - LFSR3: 010(2), LFSR8: 00001110( 14)
IDX[489] - LFSR3: 100(4), LFSR8: 00011101( 29)
IDX[490] - LFSR3: 001(1), LFSR8: 00111010( 58)
IDX[491] - LFSR3: 011(3), LFSR8: 01110100(116)
IDX[492] - LFSR3: 111(7), LFSR8: 11101001(233)
IDX[493] - LFSR3: 110(6), LFSR8: 11010010(210)
IDX[494] - LFSR3: 101(5), LFSR8: 10100100(164)
IDX[495] - LFSR3: 010(2), LFSR8: 01001000( 72)
IDX[496] - LFSR3: 100(4), LFSR8: 10010001(145)
IDX[497] - LFSR3: 001(1), LFSR8: 00100011( 35)
IDX[498] - LFSR3: 011(3), LFSR8: 01000111( 71)
IDX[499] - LFSR3: 111(7), LFSR8: 10001110(142)
IDX[500] - LFSR3: 110(6), LFSR8: 00011100( 28)
IDX[501] - LFSR3: 101(5), LFSR8: 00111000( 56)
IDX[502] - LFSR3: 010(2), LFSR8: 01110001(113)
IDX[503] - LFSR3: 100(4), LFSR8: 11100010(226)
IDX[504] - LFSR3: 001(1), LFSR8: 11000100(196)
IDX[505] - LFSR3: 011(3), LFSR8: 10001000(136)
IDX[506] - LFSR3: 111(7), LFSR8: 00010000( 16)
IDX[507] - LFSR3: 110(6), LFSR8: 00100000( 32)
IDX[508] - LFSR3: 101(5), LFSR8: 01000000( 64)
IDX[509] - LFSR3: 010(2), LFSR8: 10000000(128)
IDX[510] - LFSR3: 100(4), LFSR8: 00000001(  1)
IDX[511] - LFSR3: 001(1), LFSR8: 00000010(  2)
IDX[512] - LFSR3: 011(3), LFSR8: 00000101(  5)
IDX[513] - LFSR3: 111(7), LFSR8: 00001011( 11)
IDX[514] - LFSR3: 110(6), LFSR8: 00010110( 22)
IDX[515] - LFSR3: 101(5), LFSR8: 00101100( 44)
IDX[516] - LFSR3: 010(2), LFSR8: 01011000( 88)
IDX[517] - LFSR3: 100(4), LFSR8: 10110001(177)
IDX[518] - LFSR3: 001(1), LFSR8: 01100011( 99)
IDX[519] - LFSR3: 011(3), LFSR8: 11000111(199)
IDX[520] - LFSR3: 111(7), LFSR8: 10001111(143)
IDX[521] - LFSR3: 110(6), LFSR8: 00011110( 30)
IDX[522] - LFSR3: 101(5), LFSR8: 00111101( 61)
IDX[523] - LFSR3: 010(2), LFSR8: 01111010(122)
IDX[524] - LFSR3: 100(4), LFSR8: 11110100(244)
IDX[525] - LFSR3: 001(1), LFSR8: 11101000(232)
IDX[526] - LFSR3: 011(3), LFSR8: 11010000(208)
IDX[527] - LFSR3: 111(7), LFSR8: 10100001(161)
IDX[528] - LFSR3: 110(6), LFSR8: 01000011( 67)
IDX[529] - LFSR3: 101(5), LFSR8: 10000111(135)
IDX[530] - LFSR3: 010(2), LFSR8: 00001111( 15)
IDX[531] - LFSR3: 100(4), LFSR8: 00011111( 31)
IDX[532] - LFSR3: 001(1), LFSR8: 00111111( 63)
IDX[533] - LFSR3: 011(3), LFSR8: 01111111(127)
IDX[534] - LFSR3: 111(7), LFSR8: 11111111(255)
IDX[535] - LFSR3: 110(6), LFSR8: 11111110(254)
IDX[536] - LFSR3: 101(5), LFSR8: 11111100(252)
IDX[537] - LFSR3: 010(2), LFSR8: 11111001(249)
IDX[538] - LFSR3: 100(4), LFSR8: 11110010(242)
IDX[539] - LFSR3: 001(1), LFSR8: 11100100(228)
IDX[540] - LFSR3: 011(3), LFSR8: 11001000(200)
IDX[541] - LFSR3: 111(7), LFSR8: 10010000(144)
IDX[542] - LFSR3: 110(6), LFSR8: 00100001( 33)
IDX[543] - LFSR3: 101(5), LFSR8: 01000010( 66)
IDX[544] - LFSR3: 010(2), LFSR8: 10000101(133)
IDX[545] - LFSR3: 100(4), LFSR8: 00001010( 10)
IDX[546] - LFSR3: 001(1), LFSR8: 00010100( 20)
IDX[547] - LFSR3: 011(3), LFSR8: 00101001( 41)
IDX[548] - LFSR3: 111(7), LFSR8: 01010011( 83)
IDX[549] - LFSR3: 110(6), LFSR8: 10100111(167)
IDX[550] - LFSR3: 101(5), LFSR8: 01001111( 79)
IDX[551] - LFSR3: 010(2), LFSR8: 10011111(159)
IDX[552] - LFSR3: 100(4), LFSR8: 00111110( 62)
IDX[553] - LFSR3: 001(1), LFSR8: 01111101(125)
IDX[554] - LFSR3: 011(3), LFSR8: 11111010(250)
IDX[555] - LFSR3: 111(7), LFSR8: 11110101(245)
IDX[556] - LFSR3: 110(6), LFSR8: 11101010(234)
IDX[557] - LFSR3: 101(5), LFSR8: 11010101(213)
IDX[558] - LFSR3: 010(2), LFSR8: 10101010(170)
IDX[559] - LFSR3: 100(4), LFSR8: 01010101( 85)
IDX[560] - LFSR3: 001(1), LFSR8: 10101011(171)
IDX[561] - LFSR3: 011(3), LFSR8: 01010111( 87)
IDX[562] - LFSR3: 111(7), LFSR8: 10101110(174)
IDX[563] - LFSR3: 110(6), LFSR8: 01011100( 92)
IDX[564] - LFSR3: 101(5), LFSR8: 10111000(184)
IDX[565] - LFSR3: 010(2), LFSR8: 01110000(112)
IDX[566] - LFSR3: 100(4), LFSR8: 11100000(224)
IDX[567] - LFSR3: 001(1), LFSR8: 11000001(193)
IDX[568] - LFSR3: 011(3), LFSR8: 10000011(131)
IDX[569] - LFSR3: 111(7), LFSR8: 00000110(  6)
IDX[570] - LFSR3: 110(6), LFSR8: 00001100( 12)
IDX[571] - LFSR3: 101(5), LFSR8: 00011000( 24)
IDX[572] - LFSR3: 010(2), LFSR8: 00110001( 49)
IDX[573] - LFSR3: 100(4), LFSR8: 01100010( 98)
IDX[574] - LFSR3: 001(1), LFSR8: 11000101(197)
IDX[575] - LFSR3: 011(3), LFSR8: 10001010(138)
IDX[576] - LFSR3: 111(7), LFSR8: 00010101( 21)
IDX[577] - LFSR3: 110(6), LFSR8: 00101011( 43)
IDX[578] - LFSR3: 101(5), LFSR8: 01010110( 86)
IDX[579] - LFSR3: 010(2), LFSR8: 10101100(172)
IDX[580] - LFSR3: 100(4), LFSR8: 01011001( 89)
IDX[581] - LFSR3: 001(1), LFSR8: 10110011(179)
IDX[582] - LFSR3: 011(3), LFSR8: 01100110(102)
IDX[583] - LFSR3: 111(7), LFSR8: 11001100(204)
IDX[584] - LFSR3: 110(6), LFSR8: 10011001(153)
IDX[585] - LFSR3: 101(5), LFSR8: 00110010( 50)
IDX[586] - LFSR3: 010(2), LFSR8: 01100101(101)
IDX[587] - LFSR3: 100(4), LFSR8: 11001011(203)
IDX[588] - LFSR3: 001(1), LFSR8: 10010111(151)
IDX[589] - LFSR3: 011(3), LFSR8: 00101111( 47)
IDX[590] - LFSR3: 111(7), LFSR8: 01011111( 95)
IDX[591] - LFSR3: 110(6), LFSR8: 10111111(191)
IDX[592] - LFSR3: 101(5), LFSR8: 01111110(126)
IDX[593] - LFSR3: 010(2), LFSR8: 11111101(253)
IDX[594] - LFSR3: 100(4), LFSR8: 11111011(251)
IDX[595] - LFSR3: 001(1), LFSR8: 11110111(247)
IDX[596] - LFSR3: 011(3), LFSR8: 11101111(239)
IDX[597] - LFSR3: 111(7), LFSR8: 11011110(222)
IDX[598] - LFSR3: 110(6), LFSR8: 10111100(188)
IDX[599] - LFSR3: 101(5), LFSR8: 01111001(121)
IDX[600] - LFSR3: 010(2), LFSR8: 11110011(243)
IDX[601] - LFSR3: 100(4), LFSR8: 11100110(230)
IDX[602] - LFSR3: 001(1), LFSR8: 11001101(205)
IDX[603] - LFSR3: 011(3), LFSR8: 10011011(155)
IDX[604] - LFSR3: 111(7), LFSR8: 00110111( 55)
IDX[605] - LFSR3: 110(6), LFSR8: 01101110(110)
IDX[606] - LFSR3: 101(5), LFSR8: 11011101(221)
IDX[607] - LFSR3: 010(2), LFSR8: 10111011(187)
IDX[608] - LFSR3: 100(4), LFSR8: 01110111(119)
IDX[609] - LFSR3: 001(1), LFSR8: 11101110(238)
IDX[610] - LFSR3: 011(3), LFSR8: 11011100(220)
IDX[611] - LFSR3: 111(7), LFSR8: 10111001(185)
IDX[612] - LFSR3: 110(6), LFSR8: 01110010(114)
IDX[613] - LFSR3: 101(5), LFSR8: 11100101(229)
IDX[614] - LFSR3: 010(2), LFSR8: 11001010(202)
IDX[615] - LFSR3: 100(4), LFSR8: 10010101(149)
IDX[616] - LFSR3: 001(1), LFSR8: 00101010( 42)
IDX[617] - LFSR3: 011(3), LFSR8: 01010100( 84)
IDX[618] - LFSR3: 111(7), LFSR8: 10101001(169)
IDX[619] - LFSR3: 110(6), LFSR8: 01010010( 82)
IDX[620] - LFSR3: 101(5), LFSR8: 10100101(165)
IDX[621] - LFSR3: 010(2), LFSR8: 01001010( 74)
IDX[622] - LFSR3: 100(4), LFSR8: 10010100(148)
IDX[623] - LFSR3: 001(1), LFSR8: 00101000( 40)
IDX[624] - LFSR3: 011(3), LFSR8: 01010001( 81)
IDX[625] - LFSR3: 111(7), LFSR8: 10100010(162)
IDX[626] - LFSR3: 110(6), LFSR8: 01000100( 68)
IDX[627] - LFSR3: 101(5), LFSR8: 10001001(137)
IDX[628] - LFSR3: 010(2), LFSR8: 00010010( 18)
IDX[629] - LFSR3: 100(4), LFSR8: 00100101( 37)
IDX[630] - LFSR3: 001(1), LFSR8: 01001011( 75)
IDX[631] - LFSR3: 011(3), LFSR8: 10010110(150)
IDX[632] - LFSR3: 111(7), LFSR8: 00101101( 45)
IDX[633] - LFSR3: 110(6), LFSR8: 01011010( 90)
IDX[634] - LFSR3: 101(5), LFSR8: 10110100(180)
IDX[635] - LFSR3: 010(2), LFSR8: 01101000(104)
IDX[636] - LFSR3: 100(4), LFSR8: 11010001(209)
IDX[637] - LFSR3: 001(1), LFSR8: 10100011(163)
IDX[638] - LFSR3: 011(3), LFSR8: 01000110( 70)
IDX[639] - LFSR3: 111(7), LFSR8: 10001100(140)
IDX[640] - LFSR3: 110(6), LFSR8: 00011001( 25)
IDX[641] - LFSR3: 101(5), LFSR8: 00110011( 51)
IDX[642] - LFSR3: 010(2), LFSR8: 01100111(103)
IDX[643] - LFSR3: 100(4), LFSR8: 11001110(206)
IDX[644] - LFSR3: 001(1), LFSR8: 10011100(156)
IDX[645] - LFSR3: 011(3), LFSR8: 00111001( 57)
IDX[646] - LFSR3: 111(7), LFSR8: 01110011(115)
IDX[647] - LFSR3: 110(6), LFSR8: 11100111(231)
IDX[648] - LFSR3: 101(5), LFSR8: 11001111(207)
IDX[649] - LFSR3: 010(2), LFSR8: 10011110(158)
IDX[650] - LFSR3: 100(4), LFSR8: 00111100( 60)
IDX[651] - LFSR3: 001(1), LFSR8: 01111000(120)
IDX[652] - LFSR3: 011(3), LFSR8: 11110001(241)
IDX[653] - LFSR3: 111(7), LFSR8: 11100011(227)
IDX[654] - LFSR3: 110(6), LFSR8: 11000110(198)
IDX[655] - LFSR3: 101(5), LFSR8: 10001101(141)
IDX[656] - LFSR3: 010(2), LFSR8: 00011011( 27)
IDX[657] - LFSR3: 100(4), LFSR8: 00110110( 54)
IDX[658] - LFSR3: 001(1), LFSR8: 01101100(108)
IDX[659] - LFSR3: 011(3), LFSR8: 11011000(216)
IDX[660] - LFSR3: 111(7), LFSR8: 10110000(176)
IDX[661] - LFSR3: 110(6), LFSR8: 01100001( 97)
IDX[662] - LFSR3: 101(5), LFSR8: 11000010(194)
IDX[663] - LFSR3: 010(2), LFSR8: 10000100(132)
IDX[664] - LFSR3: 100(4), LFSR8: 00001000(  8)
IDX[665] - LFSR3: 001(1), LFSR8: 00010001( 17)
IDX[666] - LFSR3: 011(3), LFSR8: 00100010( 34)
IDX[667] - LFSR3: 111(7), LFSR8: 01000101( 69)
IDX[668] - LFSR3: 110(6), LFSR8: 10001011(139)
IDX[669] - LFSR3: 101(5), LFSR8: 00010111( 23)
IDX[670] - LFSR3: 010(2), LFSR8: 00101110( 46)
IDX[671] - LFSR3: 100(4), LFSR8: 01011101( 93)
IDX[672] - LFSR3: 001(1), LFSR8: 10111010(186)
IDX[673] - LFSR3: 011(3), LFSR8: 01110101(117)
IDX[674] - LFSR3: 111(7), LFSR8: 11101011(235)
IDX[675] - LFSR3: 110(6), LFSR8: 11010111(215)
IDX[676] - LFSR3: 101(5), LFSR8: 10101111(175)
IDX[677] - LFSR3: 010(2), LFSR8: 01011110( 94)
IDX[678] - LFSR3: 100(4), LFSR8: 10111101(189)
IDX[679] - LFSR3: 001(1), LFSR8: 01111011(123)
IDX[680] - LFSR3: 011(3), LFSR8: 11110110(246)
IDX[681] - LFSR3: 111(7), LFSR8: 11101101(237)
IDX[682] - LFSR3: 110(6), LFSR8: 11011011(219)
IDX[683] - LFSR3: 101(5), LFSR8: 10110111(183)
IDX[684] - LFSR3: 010(2), LFSR8: 01101111(111)
IDX[685] - LFSR3: 100(4), LFSR8: 11011111(223)
IDX[686] - LFSR3: 001(1), LFSR8: 10111110(190)
IDX[687] - LFSR3: 011(3), LFSR8: 01111100(124)
IDX[688] - LFSR3: 111(7), LFSR8: 11111000(248)
IDX[689] - LFSR3: 110(6), LFSR8: 11110000(240)
IDX[690] - LFSR3: 101(5), LFSR8: 11100001(225)
IDX[691] - LFSR3: 010(2), LFSR8: 11000011(195)
IDX[692] - LFSR3: 100(4), LFSR8: 10000110(134)
IDX[693] - LFSR3: 001(1), LFSR8: 00001101( 13)
IDX[694] - LFSR3: 011(3), LFSR8: 00011010( 26)
IDX[695] - LFSR3: 111(7), LFSR8: 00110100( 52)
IDX[696] - LFSR3: 110(6), LFSR8: 01101001(105)
IDX[697] - LFSR3: 101(5), LFSR8: 11010011(211)
IDX[698] - LFSR3: 010(2), LFSR8: 10100110(166)
IDX[699] - LFSR3: 100(4), LFSR8: 01001101( 77)
IDX[700] - LFSR3: 001(1), LFSR8: 10011010(154)
IDX[701] - LFSR3: 011(3), LFSR8: 00110101( 53)
IDX[702] - LFSR3: 111(7), LFSR8: 01101011(107)
IDX[703] - LFSR3: 110(6), LFSR8: 11010110(214)
IDX[704] - LFSR3: 101(5), LFSR8: 10101101(173)
IDX[705] - LFSR3: 010(2), LFSR8: 01011011( 91)
IDX[706] - LFSR3: 100(4), LFSR8: 10110110(182)
IDX[707] - LFSR3: 001(1), LFSR8: 01101101(109)
IDX[708] - LFSR3: 011(3), LFSR8: 11011010(218)
IDX[709] - LFSR3: 111(7), LFSR8: 10110101(181)
IDX[710] - LFSR3: 110(6), LFSR8: 01101010(106)
IDX[711] - LFSR3: 101(5), LFSR8: 11010100(212)
IDX[712] - LFSR3: 010(2), LFSR8: 10101000(168)
IDX[713] - LFSR3: 100(4), LFSR8: 01010000( 80)
IDX[714] - LFSR3: 001(1), LFSR8: 10100000(160)
IDX[715] - LFSR3: 011(3), LFSR8: 01000001( 65)
IDX[716] - LFSR3: 111(7), LFSR8: 10000010(130)
IDX[717] - LFSR3: 110(6), LFSR8: 00000100(  4)
IDX[718] - LFSR3: 101(5), LFSR8: 00001001(  9)
IDX[719] - LFSR3: 010(2), LFSR8: 00010011( 19)
IDX[720] - LFSR3: 100(4), LFSR8: 00100111( 39)
IDX[721] - LFSR3: 001(1), LFSR8: 01001110( 78)
IDX[722] - LFSR3: 011(3), LFSR8: 10011101(157)
IDX[723] - LFSR3: 111(7), LFSR8: 00111011( 59)
IDX[724] - LFSR3: 110(6), LFSR8: 01110110(118)
IDX[725] - LFSR3: 101(5), LFSR8: 11101100(236)
IDX[726] - LFSR3: 010(2), LFSR8: 11011001(217)
IDX[727] - LFSR3: 100(4), LFSR8: 10110010(178)
IDX[728] - LFSR3: 001(1), LFSR8: 01100100(100)
IDX[729] - LFSR3: 011(3), LFSR8: 11001001(201)
IDX[730] - LFSR3: 111(7), LFSR8: 10010010(146)
IDX[731] - LFSR3: 110(6), LFSR8: 00100100( 36)
IDX[732] - LFSR3: 101(5), LFSR8: 01001001( 73)
IDX[733] - LFSR3: 010(2), LFSR8: 10010011(147)
IDX[734] - LFSR3: 100(4), LFSR8: 00100110( 38)
IDX[735] - LFSR3: 001(1), LFSR8: 01001100( 76)
IDX[736] - LFSR3: 011(3), LFSR8: 10011000(152)
IDX[737] - LFSR3: 111(7), LFSR8: 00110000( 48)
IDX[738] - LFSR3: 110(6), LFSR8: 01100000( 96)
IDX[739] - LFSR3: 101(5), LFSR8: 11000000(192)
IDX[740] - LFSR3: 010(2), LFSR8: 10000001(129)
IDX[741] - LFSR3: 100(4), LFSR8: 00000011(  3)
IDX[742] - LFSR3: 001(1), LFSR8: 00000111(  7)
IDX[743] - LFSR3: 011(3), LFSR8: 00001110( 14)
IDX[744] - LFSR3: 111(7), LFSR8: 00011101( 29)
IDX[745] - LFSR3: 110(6), LFSR8: 00111010( 58)
IDX[746] - LFSR3: 101(5), LFSR8: 01110100(116)
IDX[747] - LFSR3: 010(2), LFSR8: 11101001(233)
IDX[748] - LFSR3: 100(4), LFSR8: 11010010(210)
IDX[749] - LFSR3: 001(1), LFSR8: 10100100(164)
IDX[750] - LFSR3: 011(3), LFSR8: 01001000( 72)
IDX[751] - LFSR3: 111(7), LFSR8: 10010001(145)
IDX[752] - LFSR3: 110(6), LFSR8: 00100011( 35)
IDX[753] - LFSR3: 101(5), LFSR8: 01000111( 71)
IDX[754] - LFSR3: 010(2), LFSR8: 10001110(142)
IDX[755] - LFSR3: 100(4), LFSR8: 00011100( 28)
IDX[756] - LFSR3: 001(1), LFSR8: 00111000( 56)
IDX[757] - LFSR3: 011(3), LFSR8: 01110001(113)
IDX[758] - LFSR3: 111(7), LFSR8: 11100010(226)
IDX[759] - LFSR3: 110(6), LFSR8: 11000100(196)
IDX[760] - LFSR3: 101(5), LFSR8: 10001000(136)
IDX[761] - LFSR3: 010(2), LFSR8: 00010000( 16)
IDX[762] - LFSR3: 100(4), LFSR8: 00100000( 32)
IDX[763] - LFSR3: 001(1), LFSR8: 01000000( 64)
IDX[764] - LFSR3: 011(3), LFSR8: 10000000(128)
IDX[765] - LFSR3: 111(7), LFSR8: 00000001(  1)
IDX[766] - LFSR3: 110(6), LFSR8: 00000010(  2)
IDX[767] - LFSR3: 101(5), LFSR8: 00000101(  5)
IDX[768] - LFSR3: 010(2), LFSR8: 00001011( 11)
IDX[769] - LFSR3: 100(4), LFSR8: 00010110( 22)
IDX[770] - LFSR3: 001(1), LFSR8: 00101100( 44)
IDX[771] - LFSR3: 011(3), LFSR8: 01011000( 88)
IDX[772] - LFSR3: 111(7), LFSR8: 10110001(177)
IDX[773] - LFSR3: 110(6), LFSR8: 01100011( 99)
IDX[774] - LFSR3: 101(5), LFSR8: 11000111(199)
IDX[775] - LFSR3: 010(2), LFSR8: 10001111(143)
IDX[776] - LFSR3: 100(4), LFSR8: 00011110( 30)
IDX[777] - LFSR3: 001(1), LFSR8: 00111101( 61)
IDX[778] - LFSR3: 011(3), LFSR8: 01111010(122)
IDX[779] - LFSR3: 111(7), LFSR8: 11110100(244)
IDX[780] - LFSR3: 110(6), LFSR8: 11101000(232)
IDX[781] - LFSR3: 101(5), LFSR8: 11010000(208)
IDX[782] - LFSR3: 010(2), LFSR8: 10100001(161)
IDX[783] - LFSR3: 100(4), LFSR8: 01000011( 67)
IDX[784] - LFSR3: 001(1), LFSR8: 10000111(135)
IDX[785] - LFSR3: 011(3), LFSR8: 00001111( 15)
IDX[786] - LFSR3: 111(7), LFSR8: 00011111( 31)
IDX[787] - LFSR3: 110(6), LFSR8: 00111111( 63)
IDX[788] - LFSR3: 101(5), LFSR8: 01111111(127)
IDX[789] - LFSR3: 010(2), LFSR8: 11111111(255)
IDX[790] - LFSR3: 100(4), LFSR8: 11111110(254)
IDX[791] - LFSR3: 001(1), LFSR8: 11111100(252)
IDX[792] - LFSR3: 011(3), LFSR8: 11111001(249)
IDX[793] - LFSR3: 111(7), LFSR8: 11110010(242)
IDX[794] - LFSR3: 110(6), LFSR8: 11100100(228)
IDX[795] - LFSR3: 101(5), LFSR8: 11001000(200)
IDX[796] - LFSR3: 010(2), LFSR8: 10010000(144)
IDX[797] - LFSR3: 100(4), LFSR8: 00100001( 33)
IDX[798] - LFSR3: 001(1), LFSR8: 01000010( 66)
IDX[799] - LFSR3: 011(3), LFSR8: 10000101(133)
IDX[800] - LFSR3: 111(7), LFSR8: 00001010( 10)
IDX[801] - LFSR3: 110(6), LFSR8: 00010100( 20)
IDX[802] - LFSR3: 101(5), LFSR8: 00101001( 41)
IDX[803] - LFSR3: 010(2), LFSR8: 01010011( 83)
IDX[804] - LFSR3: 100(4), LFSR8: 10100111(167)
IDX[805] - LFSR3: 001(1), LFSR8: 01001111( 79)
IDX[806] - LFSR3: 011(3), LFSR8: 10011111(159)
IDX[807] - LFSR3: 111(7), LFSR8: 00111110( 62)
IDX[808] - LFSR3: 110(6), LFSR8: 01111101(125)
IDX[809] - LFSR3: 101(5), LFSR8: 11111010(250)
IDX[810] - LFSR3: 010(2), LFSR8: 11110101(245)
IDX[811] - LFSR3: 100(4), LFSR8: 11101010(234)
IDX[812] - LFSR3: 001(1), LFSR8: 11010101(213)
IDX[813] - LFSR3: 011(3), LFSR8: 10101010(170)
IDX[814] - LFSR3: 111(7), LFSR8: 01010101( 85)
IDX[815] - LFSR3: 110(6), LFSR8: 10101011(171)
IDX[816] - LFSR3: 101(5), LFSR8: 01010111( 87)
IDX[817] - LFSR3: 010(2), LFSR8: 10101110(174)
IDX[818] - LFSR3: 100(4), LFSR8: 01011100( 92)
IDX[819] - LFSR3: 001(1), LFSR8: 10111000(184)
IDX[820] - LFSR3: 011(3), LFSR8: 01110000(112)
IDX[821] - LFSR3: 111(7), LFSR8: 11100000(224)
IDX[822] - LFSR3: 110(6), LFSR8: 11000001(193)
IDX[823] - LFSR3: 101(5), LFSR8: 10000011(131)
IDX[824] - LFSR3: 010(2), LFSR8: 00000110(  6)
IDX[825] - LFSR3: 100(4), LFSR8: 00001100( 12)
IDX[826] - LFSR3: 001(1), LFSR8: 00011000( 24)
IDX[827] - LFSR3: 011(3), LFSR8: 00110001( 49)
IDX[828] - LFSR3: 111(7), LFSR8: 01100010( 98)
IDX[829] - LFSR3: 110(6), LFSR8: 11000101(197)
IDX[830] - LFSR3: 101(5), LFSR8: 10001010(138)
IDX[831] - LFSR3: 010(2), LFSR8: 00010101( 21)
IDX[832] - LFSR3: 100(4), LFSR8: 00101011( 43)
IDX[833] - LFSR3: 001(1), LFSR8: 01010110( 86)
IDX[834] - LFSR3: 011(3), LFSR8: 10101100(172)
IDX[835] - LFSR3: 111(7), LFSR8: 01011001( 89)
IDX[836] - LFSR3: 110(6), LFSR8: 10110011(179)
IDX[837] - LFSR3: 101(5), LFSR8: 01100110(102)
IDX[838] - LFSR3: 010(2), LFSR8: 11001100(204)
IDX[839] - LFSR3: 100(4), LFSR8: 10011001(153)
IDX[840] - LFSR3: 001(1), LFSR8: 00110010( 50)
IDX[841] - LFSR3: 011(3), LFSR8: 01100101(101)
IDX[842] - LFSR3: 111(7), LFSR8: 11001011(203)
IDX[843] - LFSR3: 110(6), LFSR8: 10010111(151)
IDX[844] - LFSR3: 101(5), LFSR8: 00101111( 47)
IDX[845] - LFSR3: 010(2), LFSR8: 01011111( 95)
IDX[846] - LFSR3: 100(4), LFSR8: 10111111(191)
IDX[847] - LFSR3: 001(1), LFSR8: 01111110(126)
IDX[848] - LFSR3: 011(3), LFSR8: 11111101(253)
IDX[849] - LFSR3: 111(7), LFSR8: 11111011(251)
IDX[850] - LFSR3: 110(6), LFSR8: 11110111(247)
IDX[851] - LFSR3: 101(5), LFSR8: 11101111(239)
IDX[852] - LFSR3: 010(2), LFSR8: 11011110(222)
IDX[853] - LFSR3: 100(4), LFSR8: 10111100(188)
IDX[854] - LFSR3: 001(1), LFSR8: 01111001(121)
IDX[855] - LFSR3: 011(3), LFSR8: 11110011(243)
IDX[856] - LFSR3: 111(7), LFSR8: 11100110(230)
IDX[857] - LFSR3: 110(6), LFSR8: 11001101(205)
IDX[858] - LFSR3: 101(5), LFSR8: 10011011(155)
IDX[859] - LFSR3: 010(2), LFSR8: 00110111( 55)
IDX[860] - LFSR3: 100(4), LFSR8: 01101110(110)
IDX[861] - LFSR3: 001(1), LFSR8: 11011101(221)
IDX[862] - LFSR3: 011(3), LFSR8: 10111011(187)
IDX[863] - LFSR3: 111(7), LFSR8: 01110111(119)
IDX[864] - LFSR3: 110(6), LFSR8: 11101110(238)
IDX[865] - LFSR3: 101(5), LFSR8: 11011100(220)
IDX[866] - LFSR3: 010(2), LFSR8: 10111001(185)
IDX[867] - LFSR3: 100(4), LFSR8: 01110010(114)
IDX[868] - LFSR3: 001(1), LFSR8: 11100101(229)
IDX[869] - LFSR3: 011(3), LFSR8: 11001010(202)
IDX[870] - LFSR3: 111(7), LFSR8: 10010101(149)
IDX[871] - LFSR3: 110(6), LFSR8: 00101010( 42)
IDX[872] - LFSR3: 101(5), LFSR8: 01010100( 84)
IDX[873] - LFSR3: 010(2), LFSR8: 10101001(169)
IDX[874] - LFSR3: 100(4), LFSR8: 01010010( 82)
IDX[875] - LFSR3: 001(1), LFSR8: 10100101(165)
IDX[876] - LFSR3: 011(3), LFSR8: 01001010( 74)
IDX[877] - LFSR3: 111(7), LFSR8: 10010100(148)
IDX[878] - LFSR3: 110(6), LFSR8: 00101000( 40)
IDX[879] - LFSR3: 101(5), LFSR8: 01010001( 81)
IDX[880] - LFSR3: 010(2), LFSR8: 10100010(162)
IDX[881] - LFSR3: 100(4), LFSR8: 01000100( 68)
IDX[882] - LFSR3: 001(1), LFSR8: 10001001(137)
IDX[883] - LFSR3: 011(3), LFSR8: 00010010( 18)
IDX[884] - LFSR3: 111(7), LFSR8: 00100101( 37)
IDX[885] - LFSR3: 110(6), LFSR8: 01001011( 75)
IDX[886] - LFSR3: 101(5), LFSR8: 10010110(150)
IDX[887] - LFSR3: 010(2), LFSR8: 00101101( 45)
IDX[888] - LFSR3: 100(4), LFSR8: 01011010( 90)
IDX[889] - LFSR3: 001(1), LFSR8: 10110100(180)
IDX[890] - LFSR3: 011(3), LFSR8: 01101000(104)
IDX[891] - LFSR3: 111(7), LFSR8: 11010001(209)
IDX[892] - LFSR3: 110(6), LFSR8: 10100011(163)
IDX[893] - LFSR3: 101(5), LFSR8: 01000110( 70)
IDX[894] - LFSR3: 010(2), LFSR8: 10001100(140)
IDX[895] - LFSR3: 100(4), LFSR8: 00011001( 25)
IDX[896] - LFSR3: 001(1), LFSR8: 00110011( 51)
IDX[897] - LFSR3: 011(3), LFSR8: 01100111(103)
IDX[898] - LFSR3: 111(7), LFSR8: 11001110(206)
IDX[899] - LFSR3: 110(6), LFSR8: 10011100(156)
IDX[900] - LFSR3: 101(5), LFSR8: 00111001( 57)
IDX[901] - LFSR3: 010(2), LFSR8: 01110011(115)
IDX[902] - LFSR3: 100(4), LFSR8: 11100111(231)
IDX[903] - LFSR3: 001(1), LFSR8: 11001111(207)
IDX[904] - LFSR3: 011(3), LFSR8: 10011110(158)
IDX[905] - LFSR3: 111(7), LFSR8: 00111100( 60)
IDX[906] - LFSR3: 110(6), LFSR8: 01111000(120)
IDX[907] - LFSR3: 101(5), LFSR8: 11110001(241)
IDX[908] - LFSR3: 010(2), LFSR8: 11100011(227)
IDX[909] - LFSR3: 100(4), LFSR8: 11000110(198)
IDX[910] - LFSR3: 001(1), LFSR8: 10001101(141)
IDX[911] - LFSR3: 011(3), LFSR8: 00011011( 27)
IDX[912] - LFSR3: 111(7), LFSR8: 00110110( 54)
IDX[913] - LFSR3: 110(6), LFSR8: 01101100(108)
IDX[914] - LFSR3: 101(5), LFSR8: 11011000(216)
IDX[915] - LFSR3: 010(2), LFSR8: 10110000(176)
IDX[916] - LFSR3: 100(4), LFSR8: 01100001( 97)
IDX[917] - LFSR3: 001(1), LFSR8: 11000010(194)
IDX[918] - LFSR3: 011(3), LFSR8: 10000100(132)
IDX[919] - LFSR3: 111(7), LFSR8: 00001000(  8)
IDX[920] - LFSR3: 110(6), LFSR8: 00010001( 17)
IDX[921] - LFSR3: 101(5), LFSR8: 00100010( 34)
IDX[922] - LFSR3: 010(2), LFSR8: 01000101( 69)
IDX[923] - LFSR3: 100(4), LFSR8: 10001011(139)
IDX[924] - LFSR3: 001(1), LFSR8: 00010111( 23)
IDX[925] - LFSR3: 011(3), LFSR8: 00101110( 46)
IDX[926] - LFSR3: 111(7), LFSR8: 01011101( 93)
IDX[927] - LFSR3: 110(6), LFSR8: 10111010(186)
IDX[928] - LFSR3: 101(5), LFSR8: 01110101(117)
IDX[929] - LFSR3: 010(2), LFSR8: 11101011(235)
IDX[930] - LFSR3: 100(4), LFSR8: 11010111(215)
IDX[931] - LFSR3: 001(1), LFSR8: 10101111(175)
IDX[932] - LFSR3: 011(3), LFSR8: 01011110( 94)
IDX[933] - LFSR3: 111(7), LFSR8: 10111101(189)
IDX[934] - LFSR3: 110(6), LFSR8: 01111011(123)
IDX[935] - LFSR3: 101(5), LFSR8: 11110110(246)
IDX[936] - LFSR3: 010(2), LFSR8: 11101101(237)
IDX[937] - LFSR3: 100(4), LFSR8: 11011011(219)
IDX[938] - LFSR3: 001(1), LFSR8: 10110111(183)
IDX[939] - LFSR3: 011(3), LFSR8: 01101111(111)
IDX[940] - LFSR3: 111(7), LFSR8: 11011111(223)
IDX[941] - LFSR3: 110(6), LFSR8: 10111110(190)
IDX[942] - LFSR3: 101(5), LFSR8: 01111100(124)
IDX[943] - LFSR3: 010(2), LFSR8: 11111000(248)
IDX[944] - LFSR3: 100(4), LFSR8: 11110000(240)
IDX[945] - LFSR3: 001(1), LFSR8: 11100001(225)
IDX[946] - LFSR3: 011(3), LFSR8: 11000011(195)
IDX[947] - LFSR3: 111(7), LFSR8: 10000110(134)
IDX[948] - LFSR3: 110(6), LFSR8: 00001101( 13)
IDX[949] - LFSR3: 101(5), LFSR8: 00011010( 26)
IDX[950] - LFSR3: 010(2), LFSR8: 00110100( 52)
IDX[951] - LFSR3: 100(4), LFSR8: 01101001(105)
IDX[952] - LFSR3: 001(1), LFSR8: 11010011(211)
IDX[953] - LFSR3: 011(3), LFSR8: 10100110(166)
IDX[954] - LFSR3: 111(7), LFSR8: 01001101( 77)
IDX[955] - LFSR3: 110(6), LFSR8: 10011010(154)
IDX[956] - LFSR3: 101(5), LFSR8: 00110101( 53)
IDX[957] - LFSR3: 010(2), LFSR8: 01101011(107)
IDX[958] - LFSR3: 100(4), LFSR8: 11010110(214)
IDX[959] - LFSR3: 001(1), LFSR8: 10101101(173)
IDX[960] - LFSR3: 011(3), LFSR8: 01011011( 91)
IDX[961] - LFSR3: 111(7), LFSR8: 10110110(182)
IDX[962] - LFSR3: 110(6), LFSR8: 01101101(109)
IDX[963] - LFSR3: 101(5), LFSR8: 11011010(218)
IDX[964] - LFSR3: 010(2), LFSR8: 10110101(181)
IDX[965] - LFSR3: 100(4), LFSR8: 01101010(106)
IDX[966] - LFSR3: 001(1), LFSR8: 11010100(212)
IDX[967] - LFSR3: 011(3), LFSR8: 10101000(168)
IDX[968] - LFSR3: 111(7), LFSR8: 01010000( 80)
IDX[969] - LFSR3: 110(6), LFSR8: 10100000(160)
IDX[970] - LFSR3: 101(5), LFSR8: 01000001( 65)
IDX[971] - LFSR3: 010(2), LFSR8: 10000010(130)
IDX[972] - LFSR3: 100(4), LFSR8: 00000100(  4)
IDX[973] - LFSR3: 001(1), LFSR8: 00001001(  9)
IDX[974] - LFSR3: 011(3), LFSR8: 00010011( 19)
IDX[975] - LFSR3: 111(7), LFSR8: 00100111( 39)
IDX[976] - LFSR3: 110(6), LFSR8: 01001110( 78)
IDX[977] - LFSR3: 101(5), LFSR8: 10011101(157)
IDX[978] - LFSR3: 010(2), LFSR8: 00111011( 59)
IDX[979] - LFSR3: 100(4), LFSR8: 01110110(118)
IDX[980] - LFSR3: 001(1), LFSR8: 11101100(236)
IDX[981] - LFSR3: 011(3), LFSR8: 11011001(217)
IDX[982] - LFSR3: 111(7), LFSR8: 10110010(178)
IDX[983] - LFSR3: 110(6), LFSR8: 01100100(100)
IDX[984] - LFSR3: 101(5), LFSR8: 11001001(201)
IDX[985] - LFSR3: 010(2), LFSR8: 10010010(146)
IDX[986] - LFSR3: 100(4), LFSR8: 00100100( 36)
IDX[987] - LFSR3: 001(1), LFSR8: 01001001( 73)
IDX[988] - LFSR3: 011(3), LFSR8: 10010011(147)
IDX[989] - LFSR3: 111(7), LFSR8: 00100110( 38)
IDX[990] - LFSR3: 110(6), LFSR8: 01001100( 76)
IDX[991] - LFSR3: 101(5), LFSR8: 10011000(152)
IDX[992] - LFSR3: 010(2), LFSR8: 00110000( 48)
IDX[993] - LFSR3: 100(4), LFSR8: 01100000( 96)
IDX[994] - LFSR3: 001(1), LFSR8: 11000000(192)
IDX[995] - LFSR3: 011(3), LFSR8: 10000001(129)
IDX[996] - LFSR3: 111(7), LFSR8: 00000011(  3)
IDX[997] - LFSR3: 110(6), LFSR8: 00000111(  7)
IDX[998] - LFSR3: 101(5), LFSR8: 00001110( 14)
IDX[999] - LFSR3: 010(2), LFSR8: 00011101( 29)
IDX[1000] - LFSR3: 100(4), LFSR8: 00111010( 58)
IDX[1001] - LFSR3: 001(1), LFSR8: 01110100(116)
IDX[1002] - LFSR3: 011(3), LFSR8: 11101001(233)
IDX[1003] - LFSR3: 111(7), LFSR8: 11010010(210)
IDX[1004] - LFSR3: 110(6), LFSR8: 10100100(164)
IDX[1005] - LFSR3: 101(5), LFSR8: 01001000( 72)
IDX[1006] - LFSR3: 010(2), LFSR8: 10010001(145)
IDX[1007] - LFSR3: 100(4), LFSR8: 00100011( 35)
IDX[1008] - LFSR3: 001(1), LFSR8: 01000111( 71)
IDX[1009] - LFSR3: 011(3), LFSR8: 10001110(142)
IDX[1010] - LFSR3: 111(7), LFSR8: 00011100( 28)
IDX[1011] - LFSR3: 110(6), LFSR8: 00111000( 56)
IDX[1012] - LFSR3: 101(5), LFSR8: 01110001(113)
IDX[1013] - LFSR3: 010(2), LFSR8: 11100010(226)
IDX[1014] - LFSR3: 100(4), LFSR8: 11000100(196)
IDX[1015] - LFSR3: 001(1), LFSR8: 10001000(136)
IDX[1016] - LFSR3: 011(3), LFSR8: 00010000( 16)
IDX[1017] - LFSR3: 111(7), LFSR8: 00100000( 32)
IDX[1018] - LFSR3: 110(6), LFSR8: 01000000( 64)
IDX[1019] - LFSR3: 101(5), LFSR8: 10000000(128)
IDX[1020] - LFSR3: 010(2), LFSR8: 00000001(  1)
IDX[1021] - LFSR3: 100(4), LFSR8: 00000010(  2)
IDX[1022] - LFSR3: 001(1), LFSR8: 00000101(  5)
IDX[1023] - LFSR3: 011(3), LFSR8: 00001011( 11)
IDX[1024] - LFSR3: 111(7), LFSR8: 00010110( 22)
IDX[1025] - LFSR3: 110(6), LFSR8: 00101100( 44)
IDX[1026] - LFSR3: 101(5), LFSR8: 01011000( 88)
IDX[1027] - LFSR3: 010(2), LFSR8: 10110001(177)
IDX[1028] - LFSR3: 100(4), LFSR8: 01100011( 99)
IDX[1029] - LFSR3: 001(1), LFSR8: 11000111(199)
IDX[1030] - LFSR3: 011(3), LFSR8: 10001111(143)
IDX[1031] - LFSR3: 111(7), LFSR8: 00011110( 30)
IDX[1032] - LFSR3: 110(6), LFSR8: 00111101( 61)
IDX[1033] - LFSR3: 101(5), LFSR8: 01111010(122)
IDX[1034] - LFSR3: 010(2), LFSR8: 11110100(244)
IDX[1035] - LFSR3: 100(4), LFSR8: 11101000(232)
IDX[1036] - LFSR3: 001(1), LFSR8: 11010000(208)
IDX[1037] - LFSR3: 011(3), LFSR8: 10100001(161)
IDX[1038] - LFSR3: 111(7), LFSR8: 01000011( 67)
IDX[1039] - LFSR3: 110(6), LFSR8: 10000111(135)
IDX[1040] - LFSR3: 101(5), LFSR8: 00001111( 15)
IDX[1041] - LFSR3: 010(2), LFSR8: 00011111( 31)
IDX[1042] - LFSR3: 100(4), LFSR8: 00111111( 63)
IDX[1043] - LFSR3: 001(1), LFSR8: 01111111(127)
IDX[1044] - LFSR3: 011(3), LFSR8: 11111111(255)
IDX[1045] - LFSR3: 111(7), LFSR8: 11111110(254)
IDX[1046] - LFSR3: 110(6), LFSR8: 11111100(252)
IDX[1047] - LFSR3: 101(5), LFSR8: 11111001(249)
IDX[1048] - LFSR3: 010(2), LFSR8: 11110010(242)
IDX[1049] - LFSR3: 100(4), LFSR8: 11100100(228)
IDX[1050] - LFSR3: 001(1), LFSR8: 11001000(200)
IDX[1051] - LFSR3: 011(3), LFSR8: 10010000(144)
IDX[1052] - LFSR3: 111(7), LFSR8: 00100001( 33)
IDX[1053] - LFSR3: 110(6), LFSR8: 01000010( 66)
IDX[1054] - LFSR3: 101(5), LFSR8: 10000101(133)
IDX[1055] - LFSR3: 010(2), LFSR8: 00001010( 10)
IDX[1056] - LFSR3: 100(4), LFSR8: 00010100( 20)
IDX[1057] - LFSR3: 001(1), LFSR8: 00101001( 41)
IDX[1058] - LFSR3: 011(3), LFSR8: 01010011( 83)
IDX[1059] - LFSR3: 111(7), LFSR8: 10100111(167)
IDX[1060] - LFSR3: 110(6), LFSR8: 01001111( 79)
IDX[1061] - LFSR3: 101(5), LFSR8: 10011111(159)
IDX[1062] - LFSR3: 010(2), LFSR8: 00111110( 62)
IDX[1063] - LFSR3: 100(4), LFSR8: 01111101(125)
IDX[1064] - LFSR3: 001(1), LFSR8: 11111010(250)
IDX[1065] - LFSR3: 011(3), LFSR8: 11110101(245)
IDX[1066] - LFSR3: 111(7), LFSR8: 11101010(234)
IDX[1067] - LFSR3: 110(6), LFSR8: 11010101(213)
IDX[1068] - LFSR3: 101(5), LFSR8: 10101010(170)
IDX[1069] - LFSR3: 010(2), LFSR8: 01010101( 85)
IDX[1070] - LFSR3: 100(4), LFSR8: 10101011(171)
IDX[1071] - LFSR3: 001(1), LFSR8: 01010111( 87)
IDX[1072] - LFSR3: 011(3), LFSR8: 10101110(174)
IDX[1073] - LFSR3: 111(7), LFSR8: 01011100( 92)
IDX[1074] - LFSR3: 110(6), LFSR8: 10111000(184)
IDX[1075] - LFSR3: 101(5), LFSR8: 01110000(112)
IDX[1076] - LFSR3: 010(2), LFSR8: 11100000(224)
IDX[1077] - LFSR3: 100(4), LFSR8: 11000001(193)
IDX[1078] - LFSR3: 001(1), LFSR8: 10000011(131)
IDX[1079] - LFSR3: 011(3), LFSR8: 00000110(  6)
IDX[1080] - LFSR3: 111(7), LFSR8: 00001100( 12)
IDX[1081] - LFSR3: 110(6), LFSR8: 00011000( 24)
IDX[1082] - LFSR3: 101(5), LFSR8: 00110001( 49)
IDX[1083] - LFSR3: 010(2), LFSR8: 01100010( 98)
IDX[1084] - LFSR3: 100(4), LFSR8: 11000101(197)
IDX[1085] - LFSR3: 001(1), LFSR8: 10001010(138)
IDX[1086] - LFSR3: 011(3), LFSR8: 00010101( 21)
IDX[1087] - LFSR3: 111(7), LFSR8: 00101011( 43)
IDX[1088] - LFSR3: 110(6), LFSR8: 01010110( 86)
IDX[1089] - LFSR3: 101(5), LFSR8: 10101100(172)
IDX[1090] - LFSR3: 010(2), LFSR8: 01011001( 89)
IDX[1091] - LFSR3: 100(4), LFSR8: 10110011(179)
IDX[1092] - LFSR3: 001(1), LFSR8: 01100110(102)
IDX[1093] - LFSR3: 011(3), LFSR8: 11001100(204)
IDX[1094] - LFSR3: 111(7), LFSR8: 10011001(153)
IDX[1095] - LFSR3: 110(6), LFSR8: 00110010( 50)
IDX[1096] - LFSR3: 101(5), LFSR8: 01100101(101)
IDX[1097] - LFSR3: 010(2), LFSR8: 11001011(203)
IDX[1098] - LFSR3: 100(4), LFSR8: 10010111(151)
IDX[1099] - LFSR3: 001(1), LFSR8: 00101111( 47)
IDX[1100] - LFSR3: 011(3), LFSR8: 01011111( 95)
IDX[1101] - LFSR3: 111(7), LFSR8: 10111111(191)
IDX[1102] - LFSR3: 110(6), LFSR8: 01111110(126)
IDX[1103] - LFSR3: 101(5), LFSR8: 11111101(253)
IDX[1104] - LFSR3: 010(2), LFSR8: 11111011(251)
IDX[1105] - LFSR3: 100(4), LFSR8: 11110111(247)
IDX[1106] - LFSR3: 001(1), LFSR8: 11101111(239)
IDX[1107] - LFSR3: 011(3), LFSR8: 11011110(222)
IDX[1108] - LFSR3: 111(7), LFSR8: 10111100(188)
IDX[1109] - LFSR3: 110(6), LFSR8: 01111001(121)
IDX[1110] - LFSR3: 101(5), LFSR8: 11110011(243)
IDX[1111] - LFSR3: 010(2), LFSR8: 11100110(230)
IDX[1112] - LFSR3: 100(4), LFSR8: 11001101(205)
IDX[1113] - LFSR3: 001(1), LFSR8: 10011011(155)
IDX[1114] - LFSR3: 011(3), LFSR8: 00110111( 55)
IDX[1115] - LFSR3: 111(7), LFSR8: 01101110(110)
IDX[1116] - LFSR3: 110(6), LFSR8: 11011101(221)
IDX[1117] - LFSR3: 101(5), LFSR8: 10111011(187)
IDX[1118] - LFSR3: 010(2), LFSR8: 01110111(119)
IDX[1119] - LFSR3: 100(4), LFSR8: 11101110(238)
IDX[1120] - LFSR3: 001(1), LFSR8: 11011100(220)
IDX[1121] - LFSR3: 011(3), LFSR8: 10111001(185)
IDX[1122] - LFSR3: 111(7), LFSR8: 01110010(114)
IDX[1123] - LFSR3: 110(6), LFSR8: 11100101(229)
IDX[1124] - LFSR3: 101(5), LFSR8: 11001010(202)
IDX[1125] - LFSR3: 010(2), LFSR8: 10010101(149)
IDX[1126] - LFSR3: 100(4), LFSR8: 00101010( 42)
IDX[1127] - LFSR3: 001(1), LFSR8: 01010100( 84)
IDX[1128] - LFSR3: 011(3), LFSR8: 10101001(169)
IDX[1129] - LFSR3: 111(7), LFSR8: 01010010( 82)
IDX[1130] - LFSR3: 110(6), LFSR8: 10100101(165)
IDX[1131] - LFSR3: 101(5), LFSR8: 01001010( 74)
IDX[1132] - LFSR3: 010(2), LFSR8: 10010100(148)
IDX[1133] - LFSR3: 100(4), LFSR8: 00101000( 40)
IDX[1134] - LFSR3: 001(1), LFSR8: 01010001( 81)
IDX[1135] - LFSR3: 011(3), LFSR8: 10100010(162)
IDX[1136] - LFSR3: 111(7), LFSR8: 01000100( 68)
IDX[1137] - LFSR3: 110(6), LFSR8: 10001001(137)
IDX[1138] - LFSR3: 101(5), LFSR8: 00010010( 18)
IDX[1139] - LFSR3: 010(2), LFSR8: 00100101( 37)
IDX[1140] - LFSR3: 100(4), LFSR8: 01001011( 75)
IDX[1141] - LFSR3: 001(1), LFSR8: 10010110(150)
IDX[1142] - LFSR3: 011(3), LFSR8: 00101101( 45)
IDX[1143] - LFSR3: 111(7), LFSR8: 01011010( 90)
IDX[1144] - LFSR3: 110(6), LFSR8: 10110100(180)
IDX[1145] - LFSR3: 101(5), LFSR8: 01101000(104)
IDX[1146] - LFSR3: 010(2), LFSR8: 11010001(209)
IDX[1147] - LFSR3: 100(4), LFSR8: 10100011(163)
IDX[1148] - LFSR3: 001(1), LFSR8: 01000110( 70)
IDX[1149] - LFSR3: 011(3), LFSR8: 10001100(140)
IDX[1150] - LFSR3: 111(7), LFSR8: 00011001( 25)
IDX[1151] - LFSR3: 110(6), LFSR8: 00110011( 51)
IDX[1152] - LFSR3: 101(5), LFSR8: 01100111(103)
IDX[1153] - LFSR3: 010(2), LFSR8: 11001110(206)
IDX[1154] - LFSR3: 100(4), LFSR8: 10011100(156)
IDX[1155] - LFSR3: 001(1), LFSR8: 00111001( 57)
IDX[1156] - LFSR3: 011(3), LFSR8: 01110011(115)
IDX[1157] - LFSR3: 111(7), LFSR8: 11100111(231)
IDX[1158] - LFSR3: 110(6), LFSR8: 11001111(207)
IDX[1159] - LFSR3: 101(5), LFSR8: 10011110(158)
IDX[1160] - LFSR3: 010(2), LFSR8: 00111100( 60)
IDX[1161] - LFSR3: 100(4), LFSR8: 01111000(120)
IDX[1162] - LFSR3: 001(1), LFSR8: 11110001(241)
IDX[1163] - LFSR3: 011(3), LFSR8: 11100011(227)
IDX[1164] - LFSR3: 111(7), LFSR8: 11000110(198)
IDX[1165] - LFSR3: 110(6), LFSR8: 10001101(141)
IDX[1166] - LFSR3: 101(5), LFSR8: 00011011( 27)
IDX[1167] - LFSR3: 010(2), LFSR8: 00110110( 54)
IDX[1168] - LFSR3: 100(4), LFSR8: 01101100(108)
IDX[1169] - LFSR3: 001(1), LFSR8: 11011000(216)
IDX[1170] - LFSR3: 011(3), LFSR8: 10110000(176)
IDX[1171] - LFSR3: 111(7), LFSR8: 01100001( 97)
IDX[1172] - LFSR3: 110(6), LFSR8: 11000010(194)
IDX[1173] - LFSR3: 101(5), LFSR8: 10000100(132)
IDX[1174] - LFSR3: 010(2), LFSR8: 00001000(  8)
IDX[1175] - LFSR3: 100(4), LFSR8: 00010001( 17)
IDX[1176] - LFSR3: 001(1), LFSR8: 00100010( 34)
IDX[1177] - LFSR3: 011(3), LFSR8: 01000101( 69)
IDX[1178] - LFSR3: 111(7), LFSR8: 10001011(139)
IDX[1179] - LFSR3: 110(6), LFSR8: 00010111( 23)
IDX[1180] - LFSR3: 101(5), LFSR8: 00101110( 46)
IDX[1181] - LFSR3: 010(2), LFSR8: 01011101( 93)
IDX[1182] - LFSR3: 100(4), LFSR8: 10111010(186)
IDX[1183] - LFSR3: 001(1), LFSR8: 01110101(117)
IDX[1184] - LFSR3: 011(3), LFSR8: 11101011(235)
IDX[1185] - LFSR3: 111(7), LFSR8: 11010111(215)
IDX[1186] - LFSR3: 110(6), LFSR8: 10101111(175)
IDX[1187] - LFSR3: 101(5), LFSR8: 01011110( 94)
IDX[1188] - LFSR3: 010(2), LFSR8: 10111101(189)
IDX[1189] - LFSR3: 100(4), LFSR8: 01111011(123)
IDX[1190] - LFSR3: 001(1), LFSR8: 11110110(246)
IDX[1191] - LFSR3: 011(3), LFSR8: 11101101(237)
IDX[1192] - LFSR3: 111(7), LFSR8: 11011011(219)
IDX[1193] - LFSR3: 110(6), LFSR8: 10110111(183)
IDX[1194] - LFSR3: 101(5), LFSR8: 01101111(111)
IDX[1195] - LFSR3: 010(2), LFSR8: 11011111(223)
IDX[1196] - LFSR3: 100(4), LFSR8: 10111110(190)
IDX[1197] - LFSR3: 001(1), LFSR8: 01111100(124)
IDX[1198] - LFSR3: 011(3), LFSR8: 11111000(248)
IDX[1199] - LFSR3: 111(7), LFSR8: 11110000(240)
IDX[1200] - LFSR3: 110(6), LFSR8: 11100001(225)
IDX[1201] - LFSR3: 101(5), LFSR8: 11000011(195)
IDX[1202] - LFSR3: 010(2), LFSR8: 10000110(134)
IDX[1203] - LFSR3: 100(4), LFSR8: 00001101( 13)
IDX[1204] - LFSR3: 001(1), LFSR8: 00011010( 26)
IDX[1205] - LFSR3: 011(3), LFSR8: 00110100( 52)
IDX[1206] - LFSR3: 111(7), LFSR8: 01101001(105)
IDX[1207] - LFSR3: 110(6), LFSR8: 11010011(211)
IDX[1208] - LFSR3: 101(5), LFSR8: 10100110(166)
IDX[1209] - LFSR3: 010(2), LFSR8: 01001101( 77)
IDX[1210] - LFSR3: 100(4), LFSR8: 10011010(154)
IDX[1211] - LFSR3: 001(1), LFSR8: 00110101( 53)
IDX[1212] - LFSR3: 011(3), LFSR8: 01101011(107)
IDX[1213] - LFSR3: 111(7), LFSR8: 11010110(214)
IDX[1214] - LFSR3: 110(6), LFSR8: 10101101(173)
IDX[1215] - LFSR3: 101(5), LFSR8: 01011011( 91)
IDX[1216] - LFSR3: 010(2), LFSR8: 10110110(182)
IDX[1217] - LFSR3: 100(4), LFSR8: 01101101(109)
IDX[1218] - LFSR3: 001(1), LFSR8: 11011010(218)
IDX[1219] - LFSR3: 011(3), LFSR8: 10110101(181)
IDX[1220] - LFSR3: 111(7), LFSR8: 01101010(106)
IDX[1221] - LFSR3: 110(6), LFSR8: 11010100(212)
IDX[1222] - LFSR3: 101(5), LFSR8: 10101000(168)
IDX[1223] - LFSR3: 010(2), LFSR8: 01010000( 80)
IDX[1224] - LFSR3: 100(4), LFSR8: 10100000(160)
IDX[1225] - LFSR3: 001(1), LFSR8: 01000001( 65)
IDX[1226] - LFSR3: 011(3), LFSR8: 10000010(130)
IDX[1227] - LFSR3: 111(7), LFSR8: 00000100(  4)
IDX[1228] - LFSR3: 110(6), LFSR8: 00001001(  9)
IDX[1229] - LFSR3: 101(5), LFSR8: 00010011( 19)
IDX[1230] - LFSR3: 010(2), LFSR8: 00100111( 39)
IDX[1231] - LFSR3: 100(4), LFSR8: 01001110( 78)
IDX[1232] - LFSR3: 001(1), LFSR8: 10011101(157)
IDX[1233] - LFSR3: 011(3), LFSR8: 00111011( 59)
IDX[1234] - LFSR3: 111(7), LFSR8: 01110110(118)
IDX[1235] - LFSR3: 110(6), LFSR8: 11101100(236)
IDX[1236] - LFSR3: 101(5), LFSR8: 11011001(217)
IDX[1237] - LFSR3: 010(2), LFSR8: 10110010(178)
IDX[1238] - LFSR3: 100(4), LFSR8: 01100100(100)
IDX[1239] - LFSR3: 001(1), LFSR8: 11001001(201)
IDX[1240] - LFSR3: 011(3), LFSR8: 10010010(146)
IDX[1241] - LFSR3: 111(7), LFSR8: 00100100( 36)
IDX[1242] - LFSR3: 110(6), LFSR8: 01001001( 73)
IDX[1243] - LFSR3: 101(5), LFSR8: 10010011(147)
IDX[1244] - LFSR3: 010(2), LFSR8: 00100110( 38)
IDX[1245] - LFSR3: 100(4), LFSR8: 01001100( 76)
IDX[1246] - LFSR3: 001(1), LFSR8: 10011000(152)
IDX[1247] - LFSR3: 011(3), LFSR8: 00110000( 48)
IDX[1248] - LFSR3: 111(7), LFSR8: 01100000( 96)
IDX[1249] - LFSR3: 110(6), LFSR8: 11000000(192)
IDX[1250] - LFSR3: 101(5), LFSR8: 10000001(129)
IDX[1251] - LFSR3: 010(2), LFSR8: 00000011(  3)
IDX[1252] - LFSR3: 100(4), LFSR8: 00000111(  7)
IDX[1253] - LFSR3: 001(1), LFSR8: 00001110( 14)
IDX[1254] - LFSR3: 011(3), LFSR8: 00011101( 29)
IDX[1255] - LFSR3: 111(7), LFSR8: 00111010( 58)
IDX[1256] - LFSR3: 110(6), LFSR8: 01110100(116)
IDX[1257] - LFSR3: 101(5), LFSR8: 11101001(233)
IDX[1258] - LFSR3: 010(2), LFSR8: 11010010(210)
IDX[1259] - LFSR3: 100(4), LFSR8: 10100100(164)
IDX[1260] - LFSR3: 001(1), LFSR8: 01001000( 72)
IDX[1261] - LFSR3: 011(3), LFSR8: 10010001(145)
IDX[1262] - LFSR3: 111(7), LFSR8: 00100011( 35)
IDX[1263] - LFSR3: 110(6), LFSR8: 01000111( 71)
IDX[1264] - LFSR3: 101(5), LFSR8: 10001110(142)
IDX[1265] - LFSR3: 010(2), LFSR8: 00011100( 28)
IDX[1266] - LFSR3: 100(4), LFSR8: 00111000( 56)
IDX[1267] - LFSR3: 001(1), LFSR8: 01110001(113)
IDX[1268] - LFSR3: 011(3), LFSR8: 11100010(226)
IDX[1269] - LFSR3: 111(7), LFSR8: 11000100(196)
IDX[1270] - LFSR3: 110(6), LFSR8: 10001000(136)
IDX[1271] - LFSR3: 101(5), LFSR8: 00010000( 16)
IDX[1272] - LFSR3: 010(2), LFSR8: 00100000( 32)
IDX[1273] - LFSR3: 100(4), LFSR8: 01000000( 64)
IDX[1274] - LFSR3: 001(1), LFSR8: 10000000(128)
IDX[1275] - LFSR3: 011(3), LFSR8: 00000001(  1)
IDX[1276] - LFSR3: 111(7), LFSR8: 00000010(  2)
IDX[1277] - LFSR3: 110(6), LFSR8: 00000101(  5)
IDX[1278] - LFSR3: 101(5), LFSR8: 00001011( 11)
IDX[1279] - LFSR3: 010(2), LFSR8: 00010110( 22)
IDX[1280] - LFSR3: 100(4), LFSR8: 00101100( 44)
IDX[1281] - LFSR3: 001(1), LFSR8: 01011000( 88)
IDX[1282] - LFSR3: 011(3), LFSR8: 10110001(177)
IDX[1283] - LFSR3: 111(7), LFSR8: 01100011( 99)
IDX[1284] - LFSR3: 110(6), LFSR8: 11000111(199)
IDX[1285] - LFSR3: 101(5), LFSR8: 10001111(143)
IDX[1286] - LFSR3: 010(2), LFSR8: 00011110( 30)
IDX[1287] - LFSR3: 100(4), LFSR8: 00111101( 61)
IDX[1288] - LFSR3: 001(1), LFSR8: 01111010(122)
IDX[1289] - LFSR3: 011(3), LFSR8: 11110100(244)
IDX[1290] - LFSR3: 111(7), LFSR8: 11101000(232)
IDX[1291] - LFSR3: 110(6), LFSR8: 11010000(208)
IDX[1292] - LFSR3: 101(5), LFSR8: 10100001(161)
IDX[1293] - LFSR3: 010(2), LFSR8: 01000011( 67)
IDX[1294] - LFSR3: 100(4), LFSR8: 10000111(135)
IDX[1295] - LFSR3: 001(1), LFSR8: 00001111( 15)
IDX[1296] - LFSR3: 011(3), LFSR8: 00011111( 31)
IDX[1297] - LFSR3: 111(7), LFSR8: 00111111( 63)
IDX[1298] - LFSR3: 110(6), LFSR8: 01111111(127)
IDX[1299] - LFSR3: 101(5), LFSR8: 11111111(255)
IDX[1300] - LFSR3: 010(2), LFSR8: 11111110(254)
IDX[1301] - LFSR3: 100(4), LFSR8: 11111100(252)
IDX[1302] - LFSR3: 001(1), LFSR8: 11111001(249)
IDX[1303] - LFSR3: 011(3), LFSR8: 11110010(242)
IDX[1304] - LFSR3: 111(7), LFSR8: 11100100(228)
IDX[1305] - LFSR3: 110(6), LFSR8: 11001000(200)
IDX[1306] - LFSR3: 101(5), LFSR8: 10010000(144)
IDX[1307] - LFSR3: 010(2), LFSR8: 00100001( 33)
IDX[1308] - LFSR3: 100(4), LFSR8: 01000010( 66)
IDX[1309] - LFSR3: 001(1), LFSR8: 10000101(133)
IDX[1310] - LFSR3: 011(3), LFSR8: 00001010( 10)
IDX[1311] - LFSR3: 111(7), LFSR8: 00010100( 20)
IDX[1312] - LFSR3: 110(6), LFSR8: 00101001( 41)
IDX[1313] - LFSR3: 101(5), LFSR8: 01010011( 83)
IDX[1314] - LFSR3: 010(2), LFSR8: 10100111(167)
IDX[1315] - LFSR3: 100(4), LFSR8: 01001111( 79)
IDX[1316] - LFSR3: 001(1), LFSR8: 10011111(159)
IDX[1317] - LFSR3: 011(3), LFSR8: 00111110( 62)
IDX[1318] - LFSR3: 111(7), LFSR8: 01111101(125)
IDX[1319] - LFSR3: 110(6), LFSR8: 11111010(250)
IDX[1320] - LFSR3: 101(5), LFSR8: 11110101(245)
IDX[1321] - LFSR3: 010(2), LFSR8: 11101010(234)
IDX[1322] - LFSR3: 100(4), LFSR8: 11010101(213)
IDX[1323] - LFSR3: 001(1), LFSR8: 10101010(170)
IDX[1324] - LFSR3: 011(3), LFSR8: 01010101( 85)
IDX[1325] - LFSR3: 111(7), LFSR8: 10101011(171)
IDX[1326] - LFSR3: 110(6), LFSR8: 01010111( 87)
IDX[1327] - LFSR3: 101(5), LFSR8: 10101110(174)
IDX[1328] - LFSR3: 010(2), LFSR8: 01011100( 92)
IDX[1329] - LFSR3: 100(4), LFSR8: 10111000(184)
IDX[1330] - LFSR3: 001(1), LFSR8: 01110000(112)
IDX[1331] - LFSR3: 011(3), LFSR8: 11100000(224)
IDX[1332] - LFSR3: 111(7), LFSR8: 11000001(193)
IDX[1333] - LFSR3: 110(6), LFSR8: 10000011(131)
IDX[1334] - LFSR3: 101(5), LFSR8: 00000110(  6)
IDX[1335] - LFSR3: 010(2), LFSR8: 00001100( 12)
IDX[1336] - LFSR3: 100(4), LFSR8: 00011000( 24)
IDX[1337] - LFSR3: 001(1), LFSR8: 00110001( 49)
IDX[1338] - LFSR3: 011(3), LFSR8: 01100010( 98)
IDX[1339] - LFSR3: 111(7), LFSR8: 11000101(197)
IDX[1340] - LFSR3: 110(6), LFSR8: 10001010(138)
IDX[1341] - LFSR3: 101(5), LFSR8: 00010101( 21)
IDX[1342] - LFSR3: 010(2), LFSR8: 00101011( 43)
IDX[1343] - LFSR3: 100(4), LFSR8: 01010110( 86)
IDX[1344] - LFSR3: 001(1), LFSR8: 10101100(172)
IDX[1345] - LFSR3: 011(3), LFSR8: 01011001( 89)
IDX[1346] - LFSR3: 111(7), LFSR8: 10110011(179)
IDX[1347] - LFSR3: 110(6), LFSR8: 01100110(102)
IDX[1348] - LFSR3: 101(5), LFSR8: 11001100(204)
IDX[1349] - LFSR3: 010(2), LFSR8: 10011001(153)
IDX[1350] - LFSR3: 100(4), LFSR8: 00110010( 50)
IDX[1351] - LFSR3: 001(1), LFSR8: 01100101(101)
IDX[1352] - LFSR3: 011(3), LFSR8: 11001011(203)
IDX[1353] - LFSR3: 111(7), LFSR8: 10010111(151)
IDX[1354] - LFSR3: 110(6), LFSR8: 00101111( 47)
IDX[1355] - LFSR3: 101(5), LFSR8: 01011111( 95)
IDX[1356] - LFSR3: 010(2), LFSR8: 10111111(191)
IDX[1357] - LFSR3: 100(4), LFSR8: 01111110(126)
IDX[1358] - LFSR3: 001(1), LFSR8: 11111101(253)
IDX[1359] - LFSR3: 011(3), LFSR8: 11111011(251)
IDX[1360] - LFSR3: 111(7), LFSR8: 11110111(247)
IDX[1361] - LFSR3: 110(6), LFSR8: 11101111(239)
IDX[1362] - LFSR3: 101(5), LFSR8: 11011110(222)
IDX[1363] - LFSR3: 010(2), LFSR8: 10111100(188)
IDX[1364] - LFSR3: 100(4), LFSR8: 01111001(121)
IDX[1365] - LFSR3: 001(1), LFSR8: 11110011(243)
IDX[1366] - LFSR3: 011(3), LFSR8: 11100110(230)
IDX[1367] - LFSR3: 111(7), LFSR8: 11001101(205)
IDX[1368] - LFSR3: 110(6), LFSR8: 10011011(155)
IDX[1369] - LFSR3: 101(5), LFSR8: 00110111( 55)
IDX[1370] - LFSR3: 010(2), LFSR8: 01101110(110)
IDX[1371] - LFSR3: 100(4), LFSR8: 11011101(221)
IDX[1372] - LFSR3: 001(1), LFSR8: 10111011(187)
IDX[1373] - LFSR3: 011(3), LFSR8: 01110111(119)
IDX[1374] - LFSR3: 111(7), LFSR8: 11101110(238)
IDX[1375] - LFSR3: 110(6), LFSR8: 11011100(220)
IDX[1376] - LFSR3: 101(5), LFSR8: 10111001(185)
IDX[1377] - LFSR3: 010(2), LFSR8: 01110010(114)
IDX[1378] - LFSR3: 100(4), LFSR8: 11100101(229)
IDX[1379] - LFSR3: 001(1), LFSR8: 11001010(202)
IDX[1380] - LFSR3: 011(3), LFSR8: 10010101(149)
IDX[1381] - LFSR3: 111(7), LFSR8: 00101010( 42)
IDX[1382] - LFSR3: 110(6), LFSR8: 01010100( 84)
IDX[1383] - LFSR3: 101(5), LFSR8: 10101001(169)
IDX[1384] - LFSR3: 010(2), LFSR8: 01010010( 82)
IDX[1385] - LFSR3: 100(4), LFSR8: 10100101(165)
IDX[1386] - LFSR3: 001(1), LFSR8: 01001010( 74)
IDX[1387] - LFSR3: 011(3), LFSR8: 10010100(148)
IDX[1388] - LFSR3: 111(7), LFSR8: 00101000( 40)
IDX[1389] - LFSR3: 110(6), LFSR8: 01010001( 81)
IDX[1390] - LFSR3: 101(5), LFSR8: 10100010(162)
IDX[1391] - LFSR3: 010(2), LFSR8: 01000100( 68)
IDX[1392] - LFSR3: 100(4), LFSR8: 10001001(137)
IDX[1393] - LFSR3: 001(1), LFSR8: 00010010( 18)
IDX[1394] - LFSR3: 011(3), LFSR8: 00100101( 37)
IDX[1395] - LFSR3: 111(7), LFSR8: 01001011( 75)
IDX[1396] - LFSR3: 110(6), LFSR8: 10010110(150)
IDX[1397] - LFSR3: 101(5), LFSR8: 00101101( 45)
IDX[1398] - LFSR3: 010(2), LFSR8: 01011010( 90)
IDX[1399] - LFSR3: 100(4), LFSR8: 10110100(180)
IDX[1400] - LFSR3: 001(1), LFSR8: 01101000(104)
IDX[1401] - LFSR3: 011(3), LFSR8: 11010001(209)
IDX[1402] - LFSR3: 111(7), LFSR8: 10100011(163)
IDX[1403] - LFSR3: 110(6), LFSR8: 01000110( 70)
IDX[1404] - LFSR3: 101(5), LFSR8: 10001100(140)
IDX[1405] - LFSR3: 010(2), LFSR8: 00011001( 25)
IDX[1406] - LFSR3: 100(4), LFSR8: 00110011( 51)
IDX[1407] - LFSR3: 001(1), LFSR8: 01100111(103)
IDX[1408] - LFSR3: 011(3), LFSR8: 11001110(206)
IDX[1409] - LFSR3: 111(7), LFSR8: 10011100(156)
IDX[1410] - LFSR3: 110(6), LFSR8: 00111001( 57)
IDX[1411] - LFSR3: 101(5), LFSR8: 01110011(115)
IDX[1412] - LFSR3: 010(2), LFSR8: 11100111(231)
IDX[1413] - LFSR3: 100(4), LFSR8: 11001111(207)
IDX[1414] - LFSR3: 001(1), LFSR8: 10011110(158)
IDX[1415] - LFSR3: 011(3), LFSR8: 00111100( 60)
IDX[1416] - LFSR3: 111(7), LFSR8: 01111000(120)
IDX[1417] - LFSR3: 110(6), LFSR8: 11110001(241)
IDX[1418] - LFSR3: 101(5), LFSR8: 11100011(227)
IDX[1419] - LFSR3: 010(2), LFSR8: 11000110(198)
IDX[1420] - LFSR3: 100(4), LFSR8: 10001101(141)
IDX[1421] - LFSR3: 001(1), LFSR8: 00011011( 27)
IDX[1422] - LFSR3: 011(3), LFSR8: 00110110( 54)
IDX[1423] - LFSR3: 111(7), LFSR8: 01101100(108)
IDX[1424] - LFSR3: 110(6), LFSR8: 11011000(216)
IDX[1425] - LFSR3: 101(5), LFSR8: 10110000(176)
IDX[1426] - LFSR3: 010(2), LFSR8: 01100001( 97)
IDX[1427] - LFSR3: 100(4), LFSR8: 11000010(194)
IDX[1428] - LFSR3: 001(1), LFSR8: 10000100(132)
IDX[1429] - LFSR3: 011(3), LFSR8: 00001000(  8)
IDX[1430] - LFSR3: 111(7), LFSR8: 00010001( 17)
IDX[1431] - LFSR3: 110(6), LFSR8: 00100010( 34)
IDX[1432] - LFSR3: 101(5), LFSR8: 01000101( 69)
IDX[1433] - LFSR3: 010(2), LFSR8: 10001011(139)
IDX[1434] - LFSR3: 100(4), LFSR8: 00010111( 23)
IDX[1435] - LFSR3: 001(1), LFSR8: 00101110( 46)
IDX[1436] - LFSR3: 011(3), LFSR8: 01011101( 93)
IDX[1437] - LFSR3: 111(7), LFSR8: 10111010(186)
IDX[1438] - LFSR3: 110(6), LFSR8: 01110101(117)
IDX[1439] - LFSR3: 101(5), LFSR8: 11101011(235)
IDX[1440] - LFSR3: 010(2), LFSR8: 11010111(215)
IDX[1441] - LFSR3: 100(4), LFSR8: 10101111(175)
IDX[1442] - LFSR3: 001(1), LFSR8: 01011110( 94)
IDX[1443] - LFSR3: 011(3), LFSR8: 10111101(189)
IDX[1444] - LFSR3: 111(7), LFSR8: 01111011(123)
IDX[1445] - LFSR3: 110(6), LFSR8: 11110110(246)
IDX[1446] - LFSR3: 101(5), LFSR8: 11101101(237)
IDX[1447] - LFSR3: 010(2), LFSR8: 11011011(219)
IDX[1448] - LFSR3: 100(4), LFSR8: 10110111(183)
IDX[1449] - LFSR3: 001(1), LFSR8: 01101111(111)
IDX[1450] - LFSR3: 011(3), LFSR8: 11011111(223)
IDX[1451] - LFSR3: 111(7), LFSR8: 10111110(190)
IDX[1452] - LFSR3: 110(6), LFSR8: 01111100(124)
IDX[1453] - LFSR3: 101(5), LFSR8: 11111000(248)
IDX[1454] - LFSR3: 010(2), LFSR8: 11110000(240)
IDX[1455] - LFSR3: 100(4), LFSR8: 11100001(225)
IDX[1456] - LFSR3: 001(1), LFSR8: 11000011(195)
IDX[1457] - LFSR3: 011(3), LFSR8: 10000110(134)
IDX[1458] - LFSR3: 111(7), LFSR8: 00001101( 13)
IDX[1459] - LFSR3: 110(6), LFSR8: 00011010( 26)
IDX[1460] - LFSR3: 101(5), LFSR8: 00110100( 52)
IDX[1461] - LFSR3: 010(2), LFSR8: 01101001(105)
IDX[1462] - LFSR3: 100(4), LFSR8: 11010011(211)
IDX[1463] - LFSR3: 001(1), LFSR8: 10100110(166)
IDX[1464] - LFSR3: 011(3), LFSR8: 01001101( 77)
IDX[1465] - LFSR3: 111(7), LFSR8: 10011010(154)
IDX[1466] - LFSR3: 110(6), LFSR8: 00110101( 53)
IDX[1467] - LFSR3: 101(5), LFSR8: 01101011(107)
IDX[1468] - LFSR3: 010(2), LFSR8: 11010110(214)
IDX[1469] - LFSR3: 100(4), LFSR8: 10101101(173)
IDX[1470] - LFSR3: 001(1), LFSR8: 01011011( 91)
IDX[1471] - LFSR3: 011(3), LFSR8: 10110110(182)
IDX[1472] - LFSR3: 111(7), LFSR8: 01101101(109)
IDX[1473] - LFSR3: 110(6), LFSR8: 11011010(218)
IDX[1474] - LFSR3: 101(5), LFSR8: 10110101(181)
IDX[1475] - LFSR3: 010(2), LFSR8: 01101010(106)
IDX[1476] - LFSR3: 100(4), LFSR8: 11010100(212)
IDX[1477] - LFSR3: 001(1), LFSR8: 10101000(168)
IDX[1478] - LFSR3: 011(3), LFSR8: 01010000( 80)
IDX[1479] - LFSR3: 111(7), LFSR8: 10100000(160)
IDX[1480] - LFSR3: 110(6), LFSR8: 01000001( 65)
IDX[1481] - LFSR3: 101(5), LFSR8: 10000010(130)
IDX[1482] - LFSR3: 010(2), LFSR8: 00000100(  4)
IDX[1483] - LFSR3: 100(4), LFSR8: 00001001(  9)
IDX[1484] - LFSR3: 001(1), LFSR8: 00010011( 19)
IDX[1485] - LFSR3: 011(3), LFSR8: 00100111( 39)
IDX[1486] - LFSR3: 111(7), LFSR8: 01001110( 78)
IDX[1487] - LFSR3: 110(6), LFSR8: 10011101(157)
IDX[1488] - LFSR3: 101(5), LFSR8: 00111011( 59)
IDX[1489] - LFSR3: 010(2), LFSR8: 01110110(118)
IDX[1490] - LFSR3: 100(4), LFSR8: 11101100(236)
IDX[1491] - LFSR3: 001(1), LFSR8: 11011001(217)
IDX[1492] - LFSR3: 011(3), LFSR8: 10110010(178)
IDX[1493] - LFSR3: 111(7), LFSR8: 01100100(100)
IDX[1494] - LFSR3: 110(6), LFSR8: 11001001(201)
IDX[1495] - LFSR3: 101(5), LFSR8: 10010010(146)
IDX[1496] - LFSR3: 010(2), LFSR8: 00100100( 36)
IDX[1497] - LFSR3: 100(4), LFSR8: 01001001( 73)
IDX[1498] - LFSR3: 001(1), LFSR8: 10010011(147)
IDX[1499] - LFSR3: 011(3), LFSR8: 00100110( 38)
