WARNING: ./riscv_mem.v:25: Excess hex digits (2 of '0xFFC4A303') while reading 32-bit words.
WARNING: ./riscv_mem.v:25: $readmemh(riscv_mem.init): Not enough words in the file for the requested range [0:31].
VCD info: dumpfile ./vcd/riscv_mem.vcd opened for output.
VCD warning: array word riscv_mem_tb.u_riscv_mem.mem_arr[0] will conflict with an escaped identifier.
VCD warning: array word riscv_mem_tb.u_riscv_mem.mem_arr[1] will conflict with an escaped identifier.
VCD warning: array word riscv_mem_tb.u_riscv_mem.mem_arr[2] will conflict with an escaped identifier.
VCD warning: array word riscv_mem_tb.u_riscv_mem.mem_arr[3] will conflict with an escaped identifier.
VCD warning: array word riscv_mem_tb.u_riscv_mem.mem_arr[4] will conflict with an escaped identifier.
VCD warning: array word riscv_mem_tb.u_riscv_mem.mem_arr[5] will conflict with an escaped identifier.
VCD warning: array word riscv_mem_tb.u_riscv_mem.mem_arr[6] will conflict with an escaped identifier.
VCD warning: array word riscv_mem_tb.u_riscv_mem.mem_arr[7] will conflict with an escaped identifier.
VCD warning: array word riscv_mem_tb.u_riscv_mem.mem_arr[8] will conflict with an escaped identifier.
VCD warning: array word riscv_mem_tb.u_riscv_mem.mem_arr[9] will conflict with an escaped identifier.
VCD warning: array word riscv_mem_tb.u_riscv_mem.mem_arr[10] will conflict with an escaped identifier.
VCD warning: array word riscv_mem_tb.u_riscv_mem.mem_arr[11] will conflict with an escaped identifier.
VCD warning: array word riscv_mem_tb.u_riscv_mem.mem_arr[12] will conflict with an escaped identifier.
VCD warning: array word riscv_mem_tb.u_riscv_mem.mem_arr[13] will conflict with an escaped identifier.
VCD warning: array word riscv_mem_tb.u_riscv_mem.mem_arr[14] will conflict with an escaped identifier.
VCD warning: array word riscv_mem_tb.u_riscv_mem.mem_arr[15] will conflict with an escaped identifier.
VCD warning: array word riscv_mem_tb.u_riscv_mem.mem_arr[16] will conflict with an escaped identifier.
VCD warning: array word riscv_mem_tb.u_riscv_mem.mem_arr[17] will conflict with an escaped identifier.
VCD warning: array word riscv_mem_tb.u_riscv_mem.mem_arr[18] will conflict with an escaped identifier.
VCD warning: array word riscv_mem_tb.u_riscv_mem.mem_arr[19] will conflict with an escaped identifier.
VCD warning: array word riscv_mem_tb.u_riscv_mem.mem_arr[20] will conflict with an escaped identifier.
VCD warning: array word riscv_mem_tb.u_riscv_mem.mem_arr[21] will conflict with an escaped identifier.
VCD warning: array word riscv_mem_tb.u_riscv_mem.mem_arr[22] will conflict with an escaped identifier.
VCD warning: array word riscv_mem_tb.u_riscv_mem.mem_arr[23] will conflict with an escaped identifier.
VCD warning: array word riscv_mem_tb.u_riscv_mem.mem_arr[24] will conflict with an escaped identifier.
VCD warning: array word riscv_mem_tb.u_riscv_mem.mem_arr[25] will conflict with an escaped identifier.
VCD warning: array word riscv_mem_tb.u_riscv_mem.mem_arr[26] will conflict with an escaped identifier.
VCD warning: array word riscv_mem_tb.u_riscv_mem.mem_arr[27] will conflict with an escaped identifier.
VCD warning: array word riscv_mem_tb.u_riscv_mem.mem_arr[28] will conflict with an escaped identifier.
VCD warning: array word riscv_mem_tb.u_riscv_mem.mem_arr[29] will conflict with an escaped identifier.
VCD warning: array word riscv_mem_tb.u_riscv_mem.mem_arr[30] will conflict with an escaped identifier.
VCD warning: array word riscv_mem_tb.u_riscv_mem.mem_arr[31] will conflict with an escaped identifier.
      15  Read (4291076867) @ #( 0) of ResisterFile
      35  Read (   6595619) @ #( 1) of ResisterFile
      55  Read (   6480435) @ #( 2) of ResisterFile
      75  Read (4265741027) @ #( 3) of ResisterFile
      95  Read (         x) @ #( 4) of ResisterFile
     110 Write (         0) @ #( 0) of ResisterFile
     120 Write (         1) @ #( 1) of ResisterFile
     130 Write (         2) @ #( 2) of ResisterFile
     140 Write (         3) @ #( 3) of ResisterFile
     150 Write (         4) @ #( 4) of ResisterFile
     160 Write (         5) @ #( 5) of ResisterFile
     170 Write (         6) @ #( 6) of ResisterFile
     180 Write (         7) @ #( 7) of ResisterFile
     190 Write (         8) @ #( 8) of ResisterFile
     200 Write (         9) @ #( 9) of ResisterFile
     210 Write (        10) @ #(10) of ResisterFile
     220 Write (        11) @ #(11) of ResisterFile
     230 Write (        12) @ #(12) of ResisterFile
     240 Write (        13) @ #(13) of ResisterFile
     250 Write (        14) @ #(14) of ResisterFile
     260 Write (        15) @ #(15) of ResisterFile
     270 Write (        16) @ #(16) of ResisterFile
     280 Write (        17) @ #(17) of ResisterFile
     290 Write (        18) @ #(18) of ResisterFile
     300 Write (        19) @ #(19) of ResisterFile
     310 Write (        20) @ #(20) of ResisterFile
     320 Write (        21) @ #(21) of ResisterFile
     330 Write (        22) @ #(22) of ResisterFile
     340 Write (        23) @ #(23) of ResisterFile
     350 Write (        24) @ #(24) of ResisterFile
     360 Write (        25) @ #(25) of ResisterFile
     370 Write (        26) @ #(26) of ResisterFile
     380 Write (        27) @ #(27) of ResisterFile
     390 Write (        28) @ #(28) of ResisterFile
     400 Write (        29) @ #(29) of ResisterFile
     410 Write (        30) @ #(30) of ResisterFile
     420 Write (        31) @ #(31) of ResisterFile
     435  Read (         0) @ #( 0) of ResisterFile
     455  Read (         1) @ #( 1) of ResisterFile
     475  Read (         2) @ #( 2) of ResisterFile
     495  Read (         3) @ #( 3) of ResisterFile
     515  Read (         4) @ #( 4) of ResisterFile
     535  Read (         5) @ #( 5) of ResisterFile
     555  Read (         6) @ #( 6) of ResisterFile
     575  Read (         7) @ #( 7) of ResisterFile
     595  Read (         8) @ #( 8) of ResisterFile
     615  Read (         9) @ #( 9) of ResisterFile
     635  Read (        10) @ #(10) of ResisterFile
     655  Read (        11) @ #(11) of ResisterFile
     675  Read (        12) @ #(12) of ResisterFile
     695  Read (        13) @ #(13) of ResisterFile
     715  Read (        14) @ #(14) of ResisterFile
     735  Read (        15) @ #(15) of ResisterFile
     755  Read (        16) @ #(16) of ResisterFile
     775  Read (        17) @ #(17) of ResisterFile
     795  Read (        18) @ #(18) of ResisterFile
     815  Read (        19) @ #(19) of ResisterFile
     835  Read (        20) @ #(20) of ResisterFile
     855  Read (        21) @ #(21) of ResisterFile
     875  Read (        22) @ #(22) of ResisterFile
     895  Read (        23) @ #(23) of ResisterFile
     915  Read (        24) @ #(24) of ResisterFile
     935  Read (        25) @ #(25) of ResisterFile
     955  Read (        26) @ #(26) of ResisterFile
     975  Read (        27) @ #(27) of ResisterFile
     995  Read (        28) @ #(28) of ResisterFile
    1015  Read (        29) @ #(29) of ResisterFile
    1035  Read (        30) @ #(30) of ResisterFile
    1055  Read (        31) @ #(31) of ResisterFile
    1070 Write (2450863396) @ #( 0) of ResisterFile
    1085  Read (2450863396) @ #( 0) of ResisterFile
    1100 Write (1082744449) @ #( 1) of ResisterFile
    1115  Read (1082744449) @ #( 1) of ResisterFile
    1130 Write (  75814409) @ #( 2) of ResisterFile
    1145  Read (  75814409) @ #( 2) of ResisterFile
    1160 Write ( 837834339) @ #( 3) of ResisterFile
    1175  Read ( 837834339) @ #( 3) of ResisterFile
    1190 Write (2260302605) @ #( 4) of ResisterFile
    1205  Read (2260302605) @ #( 4) of ResisterFile
    1220 Write (3336542605) @ #( 5) of ResisterFile
    1235  Read (3336542605) @ #( 5) of ResisterFile
    1250 Write ( 851608677) @ #( 6) of ResisterFile
    1265  Read ( 851608677) @ #( 6) of ResisterFile
    1280 Write ( 154620434) @ #( 7) of ResisterFile
    1295  Read ( 154620434) @ #( 7) of ResisterFile
    1310 Write (2163467009) @ #( 8) of ResisterFile
    1325  Read (2163467009) @ #( 8) of ResisterFile
    1340 Write (2262289677) @ #( 9) of ResisterFile
    1355  Read (2262289677) @ #( 9) of ResisterFile
    1370 Write (3139694966) @ #(10) of ResisterFile
    1385  Read (3139694966) @ #(10) of ResisterFile
    1400 Write (2660093245) @ #(11) of ResisterFile
    1415  Read (2660093245) @ #(11) of ResisterFile
    1430 Write (4141111277) @ #(12) of ResisterFile
    1445  Read (4141111277) @ #(12) of ResisterFile
    1460 Write (3324901260) @ #(13) of ResisterFile
    1475  Read (3324901260) @ #(13) of ResisterFile
    1490 Write (4244498937) @ #(14) of ResisterFile
    1505  Read (4244498937) @ #(14) of ResisterFile
    1520 Write (1664558278) @ #(15) of ResisterFile
    1535  Read (1664558278) @ #(15) of ResisterFile
    1550 Write (1660388549) @ #(16) of ResisterFile
    1565  Read (1660388549) @ #(16) of ResisterFile
    1580 Write (1427362474) @ #(17) of ResisterFile
    1595  Read (1427362474) @ #(17) of ResisterFile
    1610 Write (4071618533) @ #(18) of ResisterFile
    1625  Read (4071618533) @ #(18) of ResisterFile
    1640 Write (1003647607) @ #(19) of ResisterFile
    1655  Read (1003647607) @ #(19) of ResisterFile
    1670 Write ( 154326546) @ #(20) of ResisterFile
    1685  Read ( 154326546) @ #(20) of ResisterFile
    1700 Write (3354188687) @ #(21) of ResisterFile
    1715  Read (3354188687) @ #(21) of ResisterFile
    1730 Write (4180699634) @ #(22) of ResisterFile
    1745  Read (4180699634) @ #(22) of ResisterFile
    1760 Write (1735825102) @ #(23) of ResisterFile
    1775  Read (1735825102) @ #(23) of ResisterFile
    1790 Write (1946188520) @ #(24) of ResisterFile
    1805  Read (1946188520) @ #(24) of ResisterFile
    1820 Write (1657425605) @ #(25) of ResisterFile
    1835  Read (1657425605) @ #(25) of ResisterFile
    1850 Write (2925021532) @ #(26) of ResisterFile
    1865  Read (2925021532) @ #(26) of ResisterFile
    1880 Write (1586374845) @ #(27) of ResisterFile
    1895  Read (1586374845) @ #(27) of ResisterFile
    1910 Write ( 380327981) @ #(28) of ResisterFile
    1925  Read ( 380327981) @ #(28) of ResisterFile
    1940 Write ( 849815141) @ #(29) of ResisterFile
    1955  Read ( 849815141) @ #(29) of ResisterFile
    1970 Write ( 837771875) @ #(30) of ResisterFile
    1985  Read ( 837771875) @ #(30) of ResisterFile
    2000 Write (2238940938) @ #(31) of ResisterFile
    2015  Read (2238940938) @ #(31) of ResisterFile
